\BOOKMARK [0][-]{chapter.1}{\376\377\000I\000n\000t\000r\000o\000d\000u\000c\000t\000i\000o\000n}{}% 1
\BOOKMARK [0][-]{chapter.2}{\376\377\000B\000a\000c\000k\000g\000r\000o\000u\000n\000d}{}% 2
\BOOKMARK [1][-]{section.2.1}{\376\377\000R\000e\000i\000n\000f\000o\000r\000c\000e\000m\000e\000n\000t\000\040\000L\000e\000a\000r\000n\000i\000n\000g}{chapter.2}% 3
\BOOKMARK [2][-]{subsection.2.1.1}{\376\377\000F\000u\000n\000d\000a\000m\000e\000n\000t\000a\000l\000s}{section.2.1}% 4
\BOOKMARK [2][-]{subsection.2.1.2}{\376\377\000Q\000-\000L\000e\000a\000r\000n\000i\000n\000g\000\040\000W\000i\000t\000h\000\040\000T\000h\000e\000\040\000B\000e\000l\000l\000m\000a\000n\000\040\000B\000a\000c\000k\000u\000p}{section.2.1}% 5
\BOOKMARK [2][-]{subsection.2.1.3}{\376\377\000P\000o\000l\000i\000c\000y\000-\000b\000a\000s\000e\000d\000\040\000M\000e\000t\000h\000o\000d\000s}{section.2.1}% 6
\BOOKMARK [2][-]{subsection.2.1.4}{\376\377\000I\000n\000t\000u\000i\000t\000i\000o\000n}{section.2.1}% 7
\BOOKMARK [2][-]{subsection.2.1.5}{\376\377\000S\000m\000o\000o\000t\000h\000n\000e\000s\000s\000\040\000R\000e\000g\000u\000l\000a\000r\000i\000z\000a\000t\000i\000o\000n}{section.2.1}% 8
\BOOKMARK [2][-]{subsection.2.1.6}{\376\377\000S\000m\000o\000o\000t\000h\000n\000e\000s\000s\000-\000r\000e\000g\000u\000l\000a\000r\000i\000z\000e\000d\000\040\000S\000o\000f\000t\000\040\000A\000c\000t\000o\000r\000\040\000C\000r\000i\000t\000i\000c}{section.2.1}% 9
\BOOKMARK [1][-]{section.2.2}{\376\377\000W\000i\000n\000d\000\040\000T\000u\000r\000b\000i\000n\000e\000\040\000C\000o\000n\000t\000r\000o\000l}{chapter.2}% 10
\BOOKMARK [2][-]{subsection.2.2.1}{\376\377\000W\000i\000n\000d\000\040\000T\000u\000r\000b\000i\000n\000e\000\040\000F\000u\000n\000d\000a\000m\000e\000n\000t\000a\000l\000s}{section.2.2}% 11
\BOOKMARK [2][-]{subsection.2.2.2}{\376\377\000O\000p\000t\000i\000m\000i\000z\000a\000t\000i\000o\000n\000\040\000A\000i\000m\000s\000\040\000a\000n\000d\000\040\000W\000i\000n\000d\000\040\000S\000c\000e\000n\000a\000r\000i\000o\000s}{section.2.2}% 12
\BOOKMARK [2][-]{subsection.2.2.3}{\376\377\000S\000e\000n\000s\000o\000r\000\040\000O\000v\000e\000r\000v\000i\000e\000w}{section.2.2}% 13
\BOOKMARK [2][-]{subsection.2.2.4}{\376\377\000W\000i\000n\000d\000\040\000T\000u\000r\000b\000i\000n\000e\000\040\000C\000o\000n\000t\000r\000o\000l\000\040\000T\000y\000p\000e\000s}{section.2.2}% 14
\BOOKMARK [2][-]{subsection.2.2.5}{\376\377\000Y\000a\000w\000-\000,\000\040\000P\000i\000t\000c\000h\000-\000\040\000a\000n\000d\000\040\000T\000o\000r\000q\000u\000e\000\040\000C\000o\000n\000t\000r\000o\000l\000l\000e\000r\000s}{section.2.2}% 15
\BOOKMARK [2][-]{subsection.2.2.6}{\376\377\000C\000o\000l\000l\000e\000c\000t\000i\000v\000e\000\040\000P\000i\000t\000c\000h\000\040\000C\000o\000n\000t\000r\000o\000l}{section.2.2}% 16
\BOOKMARK [2][-]{subsection.2.2.7}{\376\377\000I\000n\000d\000i\000v\000i\000d\000u\000a\000l\000\040\000P\000i\000t\000c\000h\000\040\000C\000o\000n\000t\000r\000o\000l\000\040\000F\000o\000r\000\040\000L\000o\000a\000d\000\040\000R\000e\000d\000u\000c\000t\000i\000o\000n}{section.2.2}% 17
\BOOKMARK [2][-]{subsection.2.2.8}{\376\377\000D\000a\000m\000a\000g\000e\000\040\000E\000q\000u\000i\000v\000a\000l\000e\000n\000t\000\040\000L\000o\000a\000d\000s}{section.2.2}% 18
\BOOKMARK [0][-]{chapter.3}{\376\377\000A\000p\000p\000r\000o\000a\000c\000h}{}% 19
\BOOKMARK [1][-]{section.3.1}{\376\377\000W\000I\000N\000D\000L\000\040\000-\000\040\000A\000\040\000N\000o\000v\000e\000l\000\040\000A\000p\000p\000r\000o\000a\000c\000h\000\040\000T\000o\000\040\000W\000i\000n\000d\000\040\000T\000u\000r\000b\000i\000n\000e\000\040\000C\000o\000n\000t\000r\000o\000l\000\040\000W\000i\000t\000h\000\040\000R\000L}{chapter.3}% 20
\BOOKMARK [2][-]{subsection.3.1.1}{\376\377\000P\000r\000e\000p\000r\000o\000c\000e\000s\000s\000i\000n\000g\000\040\000S\000i\000m\000u\000l\000a\000t\000i\000o\000n\000\040\000S\000t\000a\000t\000e\000s}{section.3.1}% 21
\BOOKMARK [2][-]{subsection.3.1.2}{\376\377\000P\000o\000s\000t\000p\000r\000o\000c\000e\000s\000s\000i\000n\000g\000\040\000A\000c\000t\000i\000o\000n\000s}{section.3.1}% 22
\BOOKMARK [2][-]{subsection.3.1.3}{\376\377\000R\000L\000\040\000A\000g\000e\000n\000t}{section.3.1}% 23
\BOOKMARK [2][-]{subsection.3.1.4}{\376\377\000R\000e\000w\000a\000r\000d\000\040\000S\000h\000a\000p\000i\000n\000g}{section.3.1}% 24
\BOOKMARK [2][-]{subsection.3.1.5}{\376\377\000S\000i\000m\000u\000l\000a\000t\000i\000o\000n\000\040\000W\000r\000a\000p\000p\000e\000r}{section.3.1}% 25
\BOOKMARK [2][-]{subsection.3.1.6}{\376\377\000W\000i\000n\000d\000\040\000S\000c\000e\000n\000a\000r\000i\000o\000s}{section.3.1}% 26
\BOOKMARK [1][-]{section.3.2}{\376\377\000I\000m\000p\000l\000e\000m\000e\000n\000t\000a\000t\000i\000o\000n}{chapter.3}% 27
\BOOKMARK [2][-]{subsection.3.2.1}{\376\377\000Q\000B\000l\000a\000d\000e\000\040\000W\000i\000n\000d\000\040\000T\000u\000r\000b\000i\000n\000e\000\040\000S\000i\000m\000u\000l\000a\000t\000i\000o\000n}{section.3.2}% 28
\BOOKMARK [2][-]{subsection.3.2.2}{\376\377\000C\000l\000u\000s\000t\000e\000r}{section.3.2}% 29
\BOOKMARK [2][-]{subsection.3.2.3}{\376\377\000D\000i\000s\000t\000r\000i\000b\000u\000t\000e\000d\000\040\000R\000L\000\040\000F\000r\000a\000m\000e\000w\000o\000r\000k}{section.3.2}% 30
\BOOKMARK [2][-]{subsection.3.2.4}{\376\377\000H\000y\000p\000e\000r\000p\000a\000r\000a\000m\000e\000t\000e\000r\000s}{section.3.2}% 31
\BOOKMARK [2][-]{subsection.3.2.5}{\376\377\000E\000v\000a\000l\000u\000a\000t\000i\000o\000n\000\040\000M\000e\000t\000h\000o\000d\000o\000l\000o\000g\000y}{section.3.2}% 32
\BOOKMARK [0][-]{chapter.4}{\376\377\000R\000e\000s\000u\000l\000t\000s}{}% 33
\BOOKMARK [1][-]{section.4.1}{\376\377\000S\000t\000e\000a\000d\000y\000\040\000W\000i\000n\000d\000\040\000F\000a\000t\000i\000g\000u\000e\000\040\000L\000o\000a\000d\000s}{chapter.4}% 34
\BOOKMARK [2][-]{subsection.4.1.1}{\376\377\000P\000r\000e\000s\000e\000n\000t\000a\000t\000i\000o\000n}{section.4.1}% 35
\BOOKMARK [2][-]{subsection.4.1.2}{\376\377\000I\000n\000v\000e\000s\000t\000i\000g\000a\000t\000i\000n\000g\000\040\000P\000o\000l\000i\000c\000y\000\040\000A\000c\000t\000i\000o\000n\000s}{section.4.1}% 36
\BOOKMARK [2][-]{subsection.4.1.3}{\376\377\000D\000i\000s\000c\000u\000s\000s\000i\000o\000n}{section.4.1}% 37
\BOOKMARK [1][-]{section.4.2}{\376\377\000T\000r\000a\000n\000s\000i\000t\000i\000o\000n\000\040\000A\000r\000o\000u\000n\000d\000\040\000R\000a\000t\000e\000d\000\040\000W\000i\000n\000d\000\040\000S\000p\000e\000e\000d}{chapter.4}% 38
\BOOKMARK [2][-]{subsection.4.2.1}{\376\377\000P\000r\000e\000s\000e\000n\000t\000a\000t\000i\000o\000n}{section.4.2}% 39
\BOOKMARK [2][-]{subsection.4.2.2}{\376\377\000D\000i\000f\000f\000e\000r\000e\000n\000t\000\040\000B\000l\000a\000d\000e\000\040\000A\000c\000t\000i\000o\000n\000\040\000P\000h\000e\000n\000o\000m\000e\000n\000o\000n\000\040\000A\000t\000\040\000R\000a\000t\000e\000d\000\040\000S\000p\000e\000e\000d}{section.4.2}% 40
\BOOKMARK [2][-]{subsection.4.2.3}{\376\377\000D\000i\000s\000c\000u\000s\000s\000i\000o\000n}{section.4.2}% 41
\BOOKMARK [1][-]{section.4.3}{\376\377\000N\000a\000i\000v\000e\000\040\000P\000e\000r\000f\000o\000r\000m\000a\000n\000c\000e\000\040\000T\000u\000r\000b\000u\000l\000e\000n\000t\000\040\000W\000i\000n\000d}{chapter.4}% 42
\BOOKMARK [2][-]{subsection.4.3.1}{\376\377\000P\000r\000e\000s\000e\000n\000t\000a\000t\000i\000o\000n}{section.4.3}% 43
\BOOKMARK [2][-]{subsection.4.3.2}{\376\377\000D\000i\000s\000c\000u\000s\000s\000i\000o\000n}{section.4.3}% 44
\BOOKMARK [1][-]{section.4.4}{\376\377\000A\000d\000j\000u\000s\000t\000e\000d\000\040\000F\000o\000r\000\040\000P\000i\000t\000c\000h\000\040\000L\000o\000a\000d\000s}{chapter.4}% 45
\BOOKMARK [2][-]{subsection.4.4.1}{\376\377\000P\000r\000e\000s\000e\000n\000t\000a\000t\000i\000o\000n}{section.4.4}% 46
\BOOKMARK [2][-]{subsection.4.4.2}{\376\377\000I\000n\000v\000e\000s\000t\000i\000g\000a\000t\000i\000n\000g\000\040\000P\000o\000l\000i\000c\000y\000\040\000A\000c\000t\000i\000o\000n\000s}{section.4.4}% 47
\BOOKMARK [2][-]{subsection.4.4.3}{\376\377\000D\000i\000s\000c\000u\000s\000s\000i\000o\000n}{section.4.4}% 48
\BOOKMARK [1][-]{section.4.5}{\376\377\000T\000u\000n\000i\000n\000g\000\040\000F\000o\000r\000\040\000T\000h\000e\000\040\000P\000i\000t\000c\000h\000-\000b\000l\000a\000d\000e\000\040\000T\000r\000a\000d\000e\000-\000o\000f\000f}{chapter.4}% 49
\BOOKMARK [2][-]{subsection.4.5.1}{\376\377\000P\000r\000e\000s\000e\000n\000t\000a\000t\000i\000o\000n}{section.4.5}% 50
\BOOKMARK [2][-]{subsection.4.5.2}{\376\377\000T\000u\000r\000b\000u\000l\000e\000n\000t\000\040\000W\000i\000n\000d}{section.4.5}% 51
\BOOKMARK [2][-]{subsection.4.5.3}{\376\377\000D\000i\000s\000c\000u\000s\000s\000i\000o\000n}{section.4.5}% 52
\BOOKMARK [1][-]{section.4.6}{\376\377\000G\000e\000n\000e\000r\000a\000l\000i\000z\000a\000t\000i\000o\000n\000\040\000B\000e\000t\000w\000e\000e\000n\000\040\000W\000i\000n\000d\000\040\000S\000c\000e\000n\000a\000r\000i\000o\000s}{chapter.4}% 53
\BOOKMARK [2][-]{subsection.4.6.1}{\376\377\000S\000t\000e\000a\000d\000y\000\040\000T\000o\000\040\000T\000u\000r\000b\000u\000l\000e\000n\000t}{section.4.6}% 54
\BOOKMARK [2][-]{subsection.4.6.2}{\376\377\000T\000u\000r\000b\000u\000l\000e\000n\000t\000\040\000T\000o\000\040\000S\000t\000e\000a\000d\000y}{section.4.6}% 55
\BOOKMARK [2][-]{subsection.4.6.3}{\376\377\000D\000i\000s\000c\000u\000s\000s\000i\000o\000n}{section.4.6}% 56
\BOOKMARK [1][-]{section.4.7}{\376\377\000R\000e\000w\000a\000r\000d\000\040\000F\000u\000n\000c\000t\000i\000o\000n}{chapter.4}% 57
\BOOKMARK [2][-]{subsection.4.7.1}{\376\377\000P\000r\000e\000s\000e\000n\000t\000a\000t\000i\000o\000n}{section.4.7}% 58
\BOOKMARK [2][-]{subsection.4.7.2}{\376\377\000D\000i\000s\000c\000u\000s\000s\000i\000o\000n}{section.4.7}% 59
\BOOKMARK [1][-]{section.4.8}{\376\377\000R\000L\000\040\000A\000l\000g\000o\000r\000i\000t\000h\000m\000\040\000C\000o\000m\000p\000o\000n\000e\000n\000t\000s}{chapter.4}% 60
\BOOKMARK [2][-]{subsection.4.8.1}{\376\377\000T\000r\000a\000i\000n\000i\000n\000g\000\040\000P\000r\000o\000c\000e\000s\000s}{section.4.8}% 61
\BOOKMARK [2][-]{subsection.4.8.2}{\376\377\000Q\000-\000F\000u\000n\000c\000t\000i\000o\000n\000\040\000C\000u\000r\000v\000a\000t\000u\000r\000e}{section.4.8}% 62
\BOOKMARK [2][-]{subsection.4.8.3}{\376\377\000D\000i\000s\000c\000u\000s\000s\000i\000o\000n}{section.4.8}% 63
\BOOKMARK [0][-]{chapter.5}{\376\377\000R\000e\000l\000a\000t\000e\000d\000\040\000W\000o\000r\000k}{}% 64
\BOOKMARK [1][-]{section.5.1}{\376\377\000B\000i\000o\000m\000i\000m\000e\000t\000i\000c\000\040\000I\000n\000d\000i\000v\000i\000d\000u\000a\000l\000\040\000P\000i\000t\000c\000h\000\040\000C\000o\000n\000t\000r\000o\000l\000\040\000F\000o\000r\000\040\000L\000o\000a\000d\000\040\000A\000l\000l\000e\000v\000i\000a\000t\000i\000o\000n}{chapter.5}% 65
\BOOKMARK [1][-]{section.5.2}{\376\377\000L\000o\000a\000d\000\040\000M\000i\000t\000i\000g\000a\000t\000i\000o\000n\000\040\000O\000f\000\040\000A\000\040\000C\000l\000a\000s\000s\000\040\000O\000f\000\040\0005\000-\000M\000W\000\040\000W\000i\000n\000d\000\040\000T\000u\000r\000b\000i\000n\000e\000\040\000W\000i\000t\000h\000\040\000R\000B\000F\000\040\000N\000e\000u\000r\000a\000l\000\040\000N\000e\000t\000w\000o\000r\000k\000\040\000B\000a\000s\000e\000d\000\040\000F\000r\000a\000c\000t\000i\000o\000n\000a\000l\000-\000o\000r\000d\000e\000r\000\040\000P\000I\000D\000\040\000C\000o\000n\000t\000r\000o\000l\000l\000e\000r}{chapter.5}% 66
\BOOKMARK [1][-]{section.5.3}{\376\377\000O\000v\000e\000r\000c\000o\000m\000i\000n\000g\000\040\000F\000u\000n\000d\000a\000m\000e\000n\000t\000a\000l\000\040\000L\000i\000m\000i\000t\000a\000t\000i\000o\000n\000s\000\040\000O\000f\000\040\000W\000i\000n\000d\000\040\000T\000u\000r\000b\000i\000n\000e\000\040\000I\000n\000d\000i\000v\000i\000d\000u\000a\000l\000\040\000B\000l\000a\000d\000e\000\040\000P\000i\000t\000c\000h\000\040\000C\000o\000n\000t\000r\000o\000l\000\040\000W\000i\000t\000h\000\040\000I\000n\000f\000l\000o\000w\000\040\000S\000e\000n\000s\000o\000r\000s}{chapter.5}% 67
\BOOKMARK [0][-]{chapter.6}{\376\377\000C\000o\000n\000c\000l\000u\000s\000i\000o\000n}{}% 68
\BOOKMARK [1][-]{section.6.1}{\376\377\000S\000u\000m\000m\000a\000r\000y}{chapter.6}% 69
\BOOKMARK [1][-]{section.6.2}{\376\377\000F\000u\000t\000u\000r\000e\000\040\000W\000o\000r\000k}{chapter.6}% 70
\BOOKMARK [2][-]{subsection.6.2.1}{\376\377\000I\000m\000p\000r\000o\000v\000i\000n\000g\000\040\000U\000p\000o\000n\000\040\000W\000I\000N\000D\000L}{section.6.2}% 71
\BOOKMARK [2][-]{subsection.6.2.2}{\376\377\000N\000e\000w\000\040\000C\000o\000n\000t\000r\000o\000l\000\040\000C\000h\000a\000l\000l\000e\000n\000g\000e\000s}{section.6.2}% 72
\BOOKMARK [2][-]{subsection.6.2.3}{\376\377\000M\000o\000d\000e\000l\000-\000b\000a\000s\000e\000d\000\040\000A\000p\000p\000r\000o\000a\000c\000h\000e\000s}{section.6.2}% 73
\BOOKMARK [1][-]{section.6.3}{\376\377\000A\000c\000k\000n\000o\000w\000l\000e\000d\000g\000m\000e\000n\000t\000s}{chapter.6}% 74
