This is pdfTeX, Version 3.141592653-2.6-1.40.23 (TeX Live 2021/Arch Linux) (preloaded format=pdflatex 2022.1.3)  20 FEB 2022 19:37
entering extended mode
 restricted \write18 enabled.
 file:line:error style messages enabled.
 %&-line parsing enabled.
**/home/sph3re/Programming/windturbine/da/main.tex
(/home/sph3re/Programming/windturbine/da/main.tex
LaTeX2e <2021-11-15> patch level 1
L3 programming layer <2021-11-22> (./tudbook.cls
Document Class: tudbook 2011/05/02 Buch-Klasse fuer die TU Dresden, (c) by Klaus Bergmann
Class: 'tudbook' Version 1.4, Buchvorlage der Technischen Universitaet Dresden
(/usr/share/texmf-dist/tex/latex/base/book.cls
Document Class: book 2021/10/04 v1.4n Standard LaTeX document class
(/usr/share/texmf-dist/tex/latex/base/bk10.clo
File: bk10.clo 2021/10/04 v1.4n Standard LaTeX file (size option)
)
\c@part=\count183
\c@chapter=\count184
\c@section=\count185
\c@subsection=\count186
\c@subsubsection=\count187
\c@paragraph=\count188
\c@subparagraph=\count189
\c@figure=\count190
\c@table=\count191
\abovecaptionskip=\skip47
\belowcaptionskip=\skip48
\bibindent=\dimen138
) (/usr/share/texmf-dist/tex/latex/graphics/graphicx.sty
Package: graphicx 2021/09/16 v1.2d Enhanced LaTeX Graphics (DPC,SPQR)
 (/usr/share/texmf-dist/tex/latex/graphics/keyval.sty
Package: keyval 2014/10/28 v1.15 key=value parser (DPC)
\KV@toks@=\toks16
) (/usr/share/texmf-dist/tex/latex/graphics/graphics.sty
Package: graphics 2021/03/04 v1.4d Standard LaTeX Graphics (DPC,SPQR)
 (/usr/share/texmf-dist/tex/latex/graphics/trig.sty
Package: trig 2021/08/11 v1.11 sin cos tan (DPC)
) (/usr/share/texmf-dist/tex/latex/graphics-cfg/graphics.cfg
File: graphics.cfg 2016/06/04 v1.11 sample graphics configuration
)
Package graphics Info: Driver file: pdftex.def on input line 107.
 (/usr/share/texmf-dist/tex/latex/graphics-def/pdftex.def
File: pdftex.def 2020/10/05 v1.2a Graphics/color driver for pdftex
))
\Gin@req@height=\dimen139
\Gin@req@width=\dimen140
) (/usr/share/texmf-dist/tex/latex/base/ifthen.sty
Package: ifthen 2020/11/24 v1.1c Standard LaTeX ifthen package (DPC)
) (/usr/share/texmf-dist/tex/latex/base/fontenc.sty
Package: fontenc 2021/04/29 v2.0v Standard LaTeX package
) (/usr/share/texmf-dist/tex/latex/psnfss/mathpazo.sty
Package: mathpazo 2020/03/25 PSNFSS-v9.3 Palatino w/ Pazo Math (D.Puga, WaS) 
\symupright=\mathgroup4
) (/usr/share/texmf-dist/tex/latex/psnfss/helvet.sty
Package: helvet 2020/03/25 PSNFSS-v9.3 (WaS) 
) (/usr/share/texmf-dist/tex/latex/caption/caption.sty
Package: caption 2020/10/26 v3.5g Customizing captions (AR)
 (/usr/share/texmf-dist/tex/latex/caption/caption3.sty
Package: caption3 2020/10/21 v2.2e caption3 kernel (AR)
\captionmargin=\dimen141
\captionmargin@=\dimen142
\captionwidth=\dimen143
\caption@tempdima=\dimen144
\caption@indent=\dimen145
\caption@parindent=\dimen146
\caption@hangindent=\dimen147
Package caption Info: Standard document class detected.
)
\c@caption@flags=\count192
\c@continuedfloat=\count193
) (/usr/share/texmf-dist/tex/latex/graphics/color.sty
Package: color 2021/12/07 v1.3c Standard LaTeX Color (DPC)
 (/usr/share/texmf-dist/tex/latex/graphics-cfg/color.cfg
File: color.cfg 2016/01/02 v1.6 sample color configuration
)
Package color Info: Driver file: pdftex.def on input line 149.
)
LaTeX Font Info:    Trying to load font information for T1+phv on input line 52.
 (/usr/share/texmf-dist/tex/latex/psnfss/t1phv.fd
File: t1phv.fd 2020/03/25 scalable font definitions for T1/phv.
)
LaTeX Font Info:    Font shape `T1/phv/m/n' will be
(Font)              scaled to size 8.54997pt on input line 52.
LaTeX Font Info:    Font shape `T1/phv/m/n' will be
(Font)              scaled to size 9.49997pt on input line 53.
LaTeX Font Info:    Font shape `T1/phv/b/n' will be
(Font)              scaled to size 8.54997pt on input line 54.
LaTeX Font Info:    Font shape `T1/phv/m/n' will be
(Font)              scaled to size 10.44997pt on input line 55.
LaTeX Font Info:    Font shape `T1/phv/b/n' will be
(Font)              scaled to size 10.44997pt on input line 57.
LaTeX Font Info:    Font shape `T1/phv/m/n' will be
(Font)              scaled to size 6.64998pt on input line 58.
Package color Info: Redefining color white on input line 154.
Package color Info: Redefining color black on input line 155.
Package color Info: Redefining color blue on input line 157.
Package color Info: Redefining color green on input line 162.
Package color Info: Redefining color cyan on input line 168.
\logo@Tab@Width=\skip49
\logo@Tab@Extra@Space=\skip50
\@@professurComma=\box50
\logoHeight=\skip51
<TU_Logo_SW.pdf, id=1, 256.96pt x 75.28125pt>
File: TU_Logo_SW.pdf Graphic file (type pdf)
<use TU_Logo_SW.pdf>
Package pdftex.def Info: TU_Logo_SW.pdf  used on input line 202.
(pdftex.def)             Requested size: 162.1807pt x 47.51472pt.
) (./tudthesis.sty
Package: tudthesis 2011/05/02 Thesis-Package fuer die TU Dresden, (c) by Klaus Bergmann
) (/usr/share/texmf-dist/tex/latex/amsmath/amsmath.sty
Package: amsmath 2021/10/15 v2.17l AMS math features
\@mathmargin=\skip52

For additional information on amsmath, use the `?' option.
(/usr/share/texmf-dist/tex/latex/amsmath/amstext.sty
Package: amstext 2021/08/26 v2.01 AMS text
 (/usr/share/texmf-dist/tex/latex/amsmath/amsgen.sty
File: amsgen.sty 1999/11/30 v2.0 generic functions
\@emptytoks=\toks17
\ex@=\dimen148
)) (/usr/share/texmf-dist/tex/latex/amsmath/amsbsy.sty
Package: amsbsy 1999/11/29 v1.2d Bold Symbols
\pmbraise@=\dimen149
) (/usr/share/texmf-dist/tex/latex/amsmath/amsopn.sty
Package: amsopn 2021/08/26 v2.02 operator names
)
\inf@bad=\count194
LaTeX Info: Redefining \frac on input line 234.
\uproot@=\count195
\leftroot@=\count196
LaTeX Info: Redefining \overline on input line 399.
\classnum@=\count197
\DOTSCASE@=\count198
LaTeX Info: Redefining \ldots on input line 496.
LaTeX Info: Redefining \dots on input line 499.
LaTeX Info: Redefining \cdots on input line 620.
\Mathstrutbox@=\box51
\strutbox@=\box52
\big@size=\dimen150
LaTeX Font Info:    Redeclaring font encoding OML on input line 743.
LaTeX Font Info:    Redeclaring font encoding OMS on input line 744.
\macc@depth=\count199
\c@MaxMatrixCols=\count266
\dotsspace@=\muskip16
\c@parentequation=\count267
\dspbrk@lvl=\count268
\tag@help=\toks18
\row@=\count269
\column@=\count270
\maxfields@=\count271
\andhelp@=\toks19
\eqnshift@=\dimen151
\alignsep@=\dimen152
\tagshift@=\dimen153
\tagwidth@=\dimen154
\totwidth@=\dimen155
\lineht@=\dimen156
\@envbody=\toks20
\multlinegap=\skip53
\multlinetaggap=\skip54
\mathdisplay@stack=\toks21
LaTeX Info: Redefining \[ on input line 2938.
LaTeX Info: Redefining \] on input line 2939.
) (/usr/share/texmf-dist/tex/latex/amsfonts/amssymb.sty
Package: amssymb 2013/01/14 v3.01 AMS font symbols
 (/usr/share/texmf-dist/tex/latex/amsfonts/amsfonts.sty
Package: amsfonts 2013/01/14 v3.01 Basic AMSFonts support
\symAMSa=\mathgroup5
\symAMSb=\mathgroup6
LaTeX Font Info:    Redeclaring math symbol \hbar on input line 98.
LaTeX Font Info:    Overwriting math alphabet `\mathfrak' in version `bold'
(Font)                  U/euf/m/n --> U/euf/b/n on input line 106.
)) (/usr/share/texmf-dist/tex/latex/setspace/setspace.sty
Package: setspace 2011/12/19 v6.7a set line spacing
) (/usr/share/texmf-dist/tex/latex/acro/acro.sty (/usr/share/texmf-dist/tex/latex/l3packages/l3keys2e/l3keys2e.sty (/usr/share/texmf-dist/tex/latex/l3kernel/expl3.sty
Package: expl3 2021-11-22 L3 programming layer (loader) 
 (/usr/share/texmf-dist/tex/latex/l3backend/l3backend-pdftex.def
File: l3backend-pdftex.def 2021-12-14 L3 backend support: PDF output (pdfTeX)
\l__color_backend_stack_int=\count272
\l__pdf_internal_box=\box53
))
Package: l3keys2e 2021-11-12 LaTeX2e option processing using LaTeX3 keys
)
Package: acro 2021/01/16 v3.5 typeset acronyms and other abbreviations (CN)
\g__acro_version_int=\count273
\l__acro_tmpa_int=\count274
\l__acro_tmpb_int=\count275
\l__acro_tmpc_int=\count276
\l__acro_tmpd_int=\count277
Loading module `base' ...
Loading module `interface' ...
Loading module `aux' ...
Loading module `properties' ...
Loading module `acronyms' ...
Loading module `formatting' ...
Loading module `ppfixes' ...
Loading module `tools' ...
\l__acro_minimal_usage_int=\count278
\l__acro_nest_int=\count279
\g_acro_barrier_int=\count280
\g_acro_barrier_total_int=\count281
Loading module `commands' ...
Loading module `templates' ...
Loading module `list' ...
Loading module `pages' ...
\l__acro_pages_seq_threshold_int=\count282
Loading module `locale' ...
 (/usr/share/texmf-dist/tex/latex/translations/translations.sty
Package: translations 2021/01/17 v1.10a internationalization of LaTeX2e packages (CN)
 (/usr/share/texmf-dist/tex/latex/etoolbox/etoolbox.sty
Package: etoolbox 2020/10/05 v2.5k e-TeX tools for LaTeX (JAW)
\etb@tempcnta=\count283
) (/usr/share/texmf-dist/tex/generic/pdftexcmds/pdftexcmds.sty
Package: pdftexcmds 2020-06-27 v0.33 Utility functions of pdfTeX for LuaTeX (HO)
 (/usr/share/texmf-dist/tex/generic/infwarerr/infwarerr.sty
Package: infwarerr 2019/12/03 v1.5 Providing info/warning/error messages (HO)
) (/usr/share/texmf-dist/tex/generic/iftex/iftex.sty
Package: iftex 2020/03/06 v1.0d TeX engine tests
) (/usr/share/texmf-dist/tex/generic/ltxcmds/ltxcmds.sty
Package: ltxcmds 2020-05-10 v1.25 LaTeX kernel commands for general use (HO)
)
Package pdftexcmds Info: \pdf@primitive is available.
Package pdftexcmds Info: \pdf@ifprimitive is available.
Package pdftexcmds Info: \pdfdraftmode found.
))
Loading module `pdfsupport' ...
Loading module `patch' ...
Loading module `definitions' ...
Loading module `upgrade' ...
) (/usr/share/texmf-dist/tex/latex/mathtools/mathtools.sty
Package: mathtools 2021/04/12 v1.27 mathematical typesetting tools
 (/usr/share/texmf-dist/tex/latex/tools/calc.sty
Package: calc 2017/05/25 v4.3 Infix arithmetic (KKT,FJ)
\calc@Acount=\count284
\calc@Bcount=\count285
\calc@Adimen=\dimen157
\calc@Bdimen=\dimen158
\calc@Askip=\skip55
\calc@Bskip=\skip56
LaTeX Info: Redefining \setlength on input line 80.
LaTeX Info: Redefining \addtolength on input line 81.
\calc@Ccount=\count286
\calc@Cskip=\skip57
) (/usr/share/texmf-dist/tex/latex/mathtools/mhsetup.sty
Package: mhsetup 2021/03/18 v1.4 programming setup (MH)
)
LaTeX Info: Thecontrolsequence`\('isalreadyrobust on input line 130.
LaTeX Info: Thecontrolsequence`\)'isalreadyrobust on input line 130.
LaTeX Info: Thecontrolsequence`\['isalreadyrobust on input line 130.
LaTeX Info: Thecontrolsequence`\]'isalreadyrobust on input line 130.
\g_MT_multlinerow_int=\count287
\l_MT_multwidth_dim=\dimen159
\origjot=\skip58
\l_MT_shortvdotswithinadjustabove_dim=\dimen160
\l_MT_shortvdotswithinadjustbelow_dim=\dimen161
\l_MT_above_intertext_sep=\dimen162
\l_MT_below_intertext_sep=\dimen163
\l_MT_above_shortintertext_sep=\dimen164
\l_MT_below_shortintertext_sep=\dimen165
\xmathstrut@box=\box54
\xmathstrut@dim=\dimen166
) (/usr/share/texmf-dist/tex/latex/csquotes/csquotes.sty
Package: csquotes 2021-02-22 v5.2l context-sensitive quotations (JAW)
\csq@reset=\count288
\csq@gtype=\count289
\csq@glevel=\count290
\csq@qlevel=\count291
\csq@maxlvl=\count292
\csq@tshold=\count293
\csq@ltx@everypar=\toks22
 (/usr/share/texmf-dist/tex/latex/csquotes/csquotes.def
File: csquotes.def 2021-02-22 v5.2l csquotes generic definitions (JAW)
)
Package csquotes Info: Trying to load configuration file 'csquotes.cfg'...
Package csquotes Info: ... configuration file loaded successfully.
 (/usr/share/texmf-dist/tex/latex/csquotes/csquotes.cfg
File: csquotes.cfg 
)) (/usr/share/texmf-dist/tex/latex/hyperref/hyperref.sty
Package: hyperref 2021-06-07 v7.00m Hypertext links for LaTeX
 (/usr/share/texmf-dist/tex/generic/kvsetkeys/kvsetkeys.sty
Package: kvsetkeys 2019/12/15 v1.18 Key value parser (HO)
) (/usr/share/texmf-dist/tex/generic/kvdefinekeys/kvdefinekeys.sty
Package: kvdefinekeys 2019-12-19 v1.6 Define keys (HO)
) (/usr/share/texmf-dist/tex/generic/pdfescape/pdfescape.sty
Package: pdfescape 2019/12/09 v1.15 Implements pdfTeX's escape features (HO)
) (/usr/share/texmf-dist/tex/latex/hycolor/hycolor.sty
Package: hycolor 2020-01-27 v1.10 Color options for hyperref/bookmark (HO)
) (/usr/share/texmf-dist/tex/latex/letltxmacro/letltxmacro.sty
Package: letltxmacro 2019/12/03 v1.6 Let assignment for LaTeX macros (HO)
) (/usr/share/texmf-dist/tex/latex/auxhook/auxhook.sty
Package: auxhook 2019-12-17 v1.6 Hooks for auxiliary files (HO)
) (/usr/share/texmf-dist/tex/latex/kvoptions/kvoptions.sty
Package: kvoptions 2020-10-07 v3.14 Key value format for package options (HO)
)
\@linkdim=\dimen167
\Hy@linkcounter=\count294
\Hy@pagecounter=\count295
 (/usr/share/texmf-dist/tex/latex/hyperref/pd1enc.def
File: pd1enc.def 2021-06-07 v7.00m Hyperref: PDFDocEncoding definition (HO)
Now handling font encoding PD1 ...
... no UTF-8 mapping file for font encoding PD1
) (/usr/share/texmf-dist/tex/latex/hyperref/hyperref-langpatches.def
File: hyperref-langpatches.def 2021-06-07 v7.00m Hyperref: patches for babel languages
) (/usr/share/texmf-dist/tex/generic/intcalc/intcalc.sty
Package: intcalc 2019/12/15 v1.3 Expandable calculations with integers (HO)
) (/usr/share/texmf-dist/tex/generic/etexcmds/etexcmds.sty
Package: etexcmds 2019/12/15 v1.7 Avoid name clashes with e-TeX commands (HO)
)
\Hy@SavedSpaceFactor=\count296
 (/usr/share/texmf-dist/tex/latex/hyperref/puenc.def
File: puenc.def 2021-06-07 v7.00m Hyperref: PDF Unicode definition (HO)
Now handling font encoding PU ...
... no UTF-8 mapping file for font encoding PU
)
Package hyperref Info: Hyper figures OFF on input line 4192.
Package hyperref Info: Link nesting OFF on input line 4197.
Package hyperref Info: Hyper index ON on input line 4200.
Package hyperref Info: Plain pages OFF on input line 4207.
Package hyperref Info: Backreferencing OFF on input line 4212.
Package hyperref Info: Implicit mode ON; LaTeX internals redefined.
Package hyperref Info: Bookmarks ON on input line 4445.
\c@Hy@tempcnt=\count297
 (/usr/share/texmf-dist/tex/latex/url/url.sty
\Urlmuskip=\muskip17
Package: url 2013/09/16  ver 3.4  Verb mode for urls, etc.
)
LaTeX Info: Redefining \url on input line 4804.
\XeTeXLinkMargin=\dimen168
 (/usr/share/texmf-dist/tex/generic/bitset/bitset.sty
Package: bitset 2019/12/09 v1.3 Handle bit-vector datatype (HO)
 (/usr/share/texmf-dist/tex/generic/bigintcalc/bigintcalc.sty
Package: bigintcalc 2019/12/15 v1.5 Expandable calculations on big integers (HO)
))
\Fld@menulength=\count298
\Field@Width=\dimen169
\Fld@charsize=\dimen170
Package hyperref Info: Hyper figures OFF on input line 6076.
Package hyperref Info: Link nesting OFF on input line 6081.
Package hyperref Info: Hyper index ON on input line 6084.
Package hyperref Info: backreferencing OFF on input line 6091.
Package hyperref Info: Link coloring OFF on input line 6096.
Package hyperref Info: Link coloring with OCG OFF on input line 6101.
Package hyperref Info: PDF/A mode OFF on input line 6106.
LaTeX Info: Redefining \ref on input line 6146.
LaTeX Info: Redefining \pageref on input line 6150.
 (/usr/share/texmf-dist/tex/latex/base/atbegshi-ltx.sty
Package: atbegshi-ltx 2021/01/10 v1.0c Emulation of the original atbegshi
package with kernel methods
)
\Hy@abspage=\count299
\c@Item=\count300
\c@Hfootnote=\count301
)
Package hyperref Info: Driver (autodetected): hpdftex.
 (/usr/share/texmf-dist/tex/latex/hyperref/hpdftex.def
File: hpdftex.def 2021-06-07 v7.00m Hyperref driver for pdfTeX
 (/usr/share/texmf-dist/tex/latex/base/atveryend-ltx.sty
Package: atveryend-ltx 2020/08/19 v1.0a Emulation of the original atveryend package
with kernel methods
)
\Fld@listcount=\count302
\c@bookmark@seq@number=\count303
 (/usr/share/texmf-dist/tex/latex/rerunfilecheck/rerunfilecheck.sty
Package: rerunfilecheck 2019/12/05 v1.9 Rerun checks for auxiliary files (HO)
 (/usr/share/texmf-dist/tex/generic/uniquecounter/uniquecounter.sty
Package: uniquecounter 2019/12/15 v1.4 Provide unlimited unique counter (HO)
)
Package uniquecounter Info: New unique counter `rerunfilecheck' on input line 286.
)
\Hy@SectionHShift=\skip59
) (/usr/share/texmf-dist/tex/latex/tools/longtable.sty
Package: longtable 2021-09-01 v4.17 Multi-page Table package (DPC)
\LTleft=\skip60
\LTright=\skip61
\LTpre=\skip62
\LTpost=\skip63
\LTchunksize=\count304
\LTcapwidth=\dimen171
\LT@head=\box55
\LT@firsthead=\box56
\LT@foot=\box57
\LT@lastfoot=\box58
\LT@gbox=\box59
\LT@cols=\count305
\LT@rows=\count306
\c@LT@tables=\count307
\c@LT@chunks=\count308
\LT@p@ftn=\toks23
) (/usr/share/texmf-dist/tex/latex/booktabs/booktabs.sty
Package: booktabs 2020/01/12 v1.61803398 Publication quality tables
\heavyrulewidth=\dimen172
\lightrulewidth=\dimen173
\cmidrulewidth=\dimen174
\belowrulesep=\dimen175
\belowbottomsep=\dimen176
\aboverulesep=\dimen177
\abovetopsep=\dimen178
\cmidrulesep=\dimen179
\cmidrulekern=\dimen180
\defaultaddspace=\dimen181
\@cmidla=\count309
\@cmidlb=\count310
\@aboverulesep=\dimen182
\@belowrulesep=\dimen183
\@thisruleclass=\count311
\@lastruleclass=\count312
\@thisrulewidth=\dimen184
) (/usr/share/texmf-dist/tex/latex/enumitem/enumitem.sty
Package: enumitem 2019/06/20 v3.9 Customized lists
\labelindent=\skip64
\enit@outerparindent=\dimen185
\enit@toks=\toks24
\enit@inbox=\box60
\enit@count@id=\count313
\enitdp@description=\count314
) (/usr/share/texmf-dist/tex/latex/caption/subcaption.sty
Package: subcaption 2020/10/07 v1.3j Sub-captions (AR)
\c@subfigure=\count315
\c@subtable=\count316
) (/usr/share/texmf-dist/tex/latex/changepage/changepage.sty
Package: changepage 2009/10/20 v1.0c check page and change page layout
\c@cp@cntr=\count317
\cp@tempcnt=\count318
) (/usr/share/texmf-dist/tex/latex/appendix/appendix.sty
Package: appendix 2020/02/08 v1.2c extra appendix facilities
\c@@pps=\count319
\c@@ppsavesec=\count320
\c@@ppsaveapp=\count321
) (/usr/share/texmf-dist/tex/latex/natbib/natbib.sty
Package: natbib 2010/09/13 8.31b (PWD, AO)
\bibhang=\skip65
\bibsep=\skip66
LaTeX Info: Redefining \cite on input line 694.
\c@NAT@ctr=\count322
) (/usr/share/texmf-dist/tex/latex/pgf/frontendlayer/tikz.sty (/usr/share/texmf-dist/tex/latex/pgf/basiclayer/pgf.sty (/usr/share/texmf-dist/tex/latex/pgf/utilities/pgfrcs.sty (/usr/share/texmf-dist/tex/generic/pgf/utilities/pgfutil-common.tex
\pgfutil@everybye=\toks25
\pgfutil@tempdima=\dimen186
\pgfutil@tempdimb=\dimen187
 (/usr/share/texmf-dist/tex/generic/pgf/utilities/pgfutil-common-lists.tex)) (/usr/share/texmf-dist/tex/generic/pgf/utilities/pgfutil-latex.def
\pgfutil@abb=\box61
) (/usr/share/texmf-dist/tex/generic/pgf/utilities/pgfrcs.code.tex (/usr/share/texmf-dist/tex/generic/pgf/pgf.revision.tex)
Package: pgfrcs 2021/05/15 v3.1.9a (3.1.9a)
))
Package: pgf 2021/05/15 v3.1.9a (3.1.9a)
 (/usr/share/texmf-dist/tex/latex/pgf/basiclayer/pgfcore.sty (/usr/share/texmf-dist/tex/latex/pgf/systemlayer/pgfsys.sty (/usr/share/texmf-dist/tex/generic/pgf/systemlayer/pgfsys.code.tex
Package: pgfsys 2021/05/15 v3.1.9a (3.1.9a)
 (/usr/share/texmf-dist/tex/generic/pgf/utilities/pgfkeys.code.tex
\pgfkeys@pathtoks=\toks26
\pgfkeys@temptoks=\toks27
 (/usr/share/texmf-dist/tex/generic/pgf/utilities/pgfkeysfiltered.code.tex
\pgfkeys@tmptoks=\toks28
))
\pgf@x=\dimen188
\pgf@y=\dimen189
\pgf@xa=\dimen190
\pgf@ya=\dimen191
\pgf@xb=\dimen192
\pgf@yb=\dimen193
\pgf@xc=\dimen194
\pgf@yc=\dimen195
\pgf@xd=\dimen196
\pgf@yd=\dimen197
\w@pgf@writea=\write3
\r@pgf@reada=\read2
\c@pgf@counta=\count323
\c@pgf@countb=\count324
\c@pgf@countc=\count325
\c@pgf@countd=\count326
\t@pgf@toka=\toks29
\t@pgf@tokb=\toks30
\t@pgf@tokc=\toks31
\pgf@sys@id@count=\count327
 (/usr/share/texmf-dist/tex/generic/pgf/systemlayer/pgf.cfg
File: pgf.cfg 2021/05/15 v3.1.9a (3.1.9a)
)
Driver file for pgf: pgfsys-pdftex.def
 (/usr/share/texmf-dist/tex/generic/pgf/systemlayer/pgfsys-pdftex.def
File: pgfsys-pdftex.def 2021/05/15 v3.1.9a (3.1.9a)
 (/usr/share/texmf-dist/tex/generic/pgf/systemlayer/pgfsys-common-pdf.def
File: pgfsys-common-pdf.def 2021/05/15 v3.1.9a (3.1.9a)
))) (/usr/share/texmf-dist/tex/generic/pgf/systemlayer/pgfsyssoftpath.code.tex
File: pgfsyssoftpath.code.tex 2021/05/15 v3.1.9a (3.1.9a)
\pgfsyssoftpath@smallbuffer@items=\count328
\pgfsyssoftpath@bigbuffer@items=\count329
) (/usr/share/texmf-dist/tex/generic/pgf/systemlayer/pgfsysprotocol.code.tex
File: pgfsysprotocol.code.tex 2021/05/15 v3.1.9a (3.1.9a)
)) (/usr/share/texmf-dist/tex/latex/xcolor/xcolor.sty
Package: xcolor 2021/10/31 v2.13 LaTeX color extensions (UK)
 (/usr/share/texmf-dist/tex/latex/graphics-cfg/color.cfg
File: color.cfg 2016/01/02 v1.6 sample color configuration
)
Package xcolor Info: Driver file: pdftex.def on input line 227.
LaTeX Info: Redefining \color on input line 711.
Package xcolor Info: Model `cmy' substituted by `cmy0' on input line 1352.
Package xcolor Info: Model `hsb' substituted by `rgb' on input line 1356.
Package xcolor Info: Model `RGB' extended on input line 1368.
Package xcolor Info: Model `HTML' substituted by `rgb' on input line 1370.
Package xcolor Info: Model `Hsb' substituted by `hsb' on input line 1371.
Package xcolor Info: Model `tHsb' substituted by `hsb' on input line 1372.
Package xcolor Info: Model `HSB' substituted by `hsb' on input line 1373.
Package xcolor Info: Model `Gray' substituted by `gray' on input line 1374.
Package xcolor Info: Model `wave' substituted by `hsb' on input line 1375.
) (/usr/share/texmf-dist/tex/generic/pgf/basiclayer/pgfcore.code.tex
Package: pgfcore 2021/05/15 v3.1.9a (3.1.9a)
 (/usr/share/texmf-dist/tex/generic/pgf/math/pgfmath.code.tex (/usr/share/texmf-dist/tex/generic/pgf/math/pgfmathcalc.code.tex (/usr/share/texmf-dist/tex/generic/pgf/math/pgfmathutil.code.tex) (/usr/share/texmf-dist/tex/generic/pgf/math/pgfmathparser.code.tex
\pgfmath@dimen=\dimen198
\pgfmath@count=\count330
\pgfmath@box=\box62
\pgfmath@toks=\toks32
\pgfmath@stack@operand=\toks33
\pgfmath@stack@operation=\toks34
) (/usr/share/texmf-dist/tex/generic/pgf/math/pgfmathfunctions.code.tex (/usr/share/texmf-dist/tex/generic/pgf/math/pgfmathfunctions.basic.code.tex) (/usr/share/texmf-dist/tex/generic/pgf/math/pgfmathfunctions.trigonometric.code.tex) (/usr/share/texmf-dist/tex/generic/pgf/math/pgfmathfunctions.random.code.tex) (/usr/share/texmf-dist/tex/generic/pgf/math/pgfmathfunctions.comparison.code.tex) (/usr/share/texmf-dist/tex/generic/pgf/math/pgfmathfunctions.base.code.tex) (/usr/share/texmf-dist/tex/generic/pgf/math/pgfmathfunctions.round.code.tex) (/usr/share/texmf-dist/tex/generic/pgf/math/pgfmathfunctions.misc.code.tex) (/usr/share/texmf-dist/tex/generic/pgf/math/pgfmathfunctions.integerarithmetics.code.tex))) (/usr/share/texmf-dist/tex/generic/pgf/math/pgfmathfloat.code.tex
\c@pgfmathroundto@lastzeros=\count331
)) (/usr/share/texmf-dist/tex/generic/pgf/math/pgfint.code.tex) (/usr/share/texmf-dist/tex/generic/pgf/basiclayer/pgfcorepoints.code.tex
File: pgfcorepoints.code.tex 2021/05/15 v3.1.9a (3.1.9a)
\pgf@picminx=\dimen199
\pgf@picmaxx=\dimen256
\pgf@picminy=\dimen257
\pgf@picmaxy=\dimen258
\pgf@pathminx=\dimen259
\pgf@pathmaxx=\dimen260
\pgf@pathminy=\dimen261
\pgf@pathmaxy=\dimen262
\pgf@xx=\dimen263
\pgf@xy=\dimen264
\pgf@yx=\dimen265
\pgf@yy=\dimen266
\pgf@zx=\dimen267
\pgf@zy=\dimen268
) (/usr/share/texmf-dist/tex/generic/pgf/basiclayer/pgfcorepathconstruct.code.tex
File: pgfcorepathconstruct.code.tex 2021/05/15 v3.1.9a (3.1.9a)
\pgf@path@lastx=\dimen269
\pgf@path@lasty=\dimen270
) (/usr/share/texmf-dist/tex/generic/pgf/basiclayer/pgfcorepathusage.code.tex
File: pgfcorepathusage.code.tex 2021/05/15 v3.1.9a (3.1.9a)
\pgf@shorten@end@additional=\dimen271
\pgf@shorten@start@additional=\dimen272
) (/usr/share/texmf-dist/tex/generic/pgf/basiclayer/pgfcorescopes.code.tex
File: pgfcorescopes.code.tex 2021/05/15 v3.1.9a (3.1.9a)
\pgfpic=\box63
\pgf@hbox=\box64
\pgf@layerbox@main=\box65
\pgf@picture@serial@count=\count332
) (/usr/share/texmf-dist/tex/generic/pgf/basiclayer/pgfcoregraphicstate.code.tex
File: pgfcoregraphicstate.code.tex 2021/05/15 v3.1.9a (3.1.9a)
\pgflinewidth=\dimen273
) (/usr/share/texmf-dist/tex/generic/pgf/basiclayer/pgfcoretransformations.code.tex
File: pgfcoretransformations.code.tex 2021/05/15 v3.1.9a (3.1.9a)
\pgf@pt@x=\dimen274
\pgf@pt@y=\dimen275
\pgf@pt@temp=\dimen276
) (/usr/share/texmf-dist/tex/generic/pgf/basiclayer/pgfcorequick.code.tex
File: pgfcorequick.code.tex 2021/05/15 v3.1.9a (3.1.9a)
) (/usr/share/texmf-dist/tex/generic/pgf/basiclayer/pgfcoreobjects.code.tex
File: pgfcoreobjects.code.tex 2021/05/15 v3.1.9a (3.1.9a)
) (/usr/share/texmf-dist/tex/generic/pgf/basiclayer/pgfcorepathprocessing.code.tex
File: pgfcorepathprocessing.code.tex 2021/05/15 v3.1.9a (3.1.9a)
) (/usr/share/texmf-dist/tex/generic/pgf/basiclayer/pgfcorearrows.code.tex
File: pgfcorearrows.code.tex 2021/05/15 v3.1.9a (3.1.9a)
\pgfarrowsep=\dimen277
) (/usr/share/texmf-dist/tex/generic/pgf/basiclayer/pgfcoreshade.code.tex
File: pgfcoreshade.code.tex 2021/05/15 v3.1.9a (3.1.9a)
\pgf@max=\dimen278
\pgf@sys@shading@range@num=\count333
\pgf@shadingcount=\count334
) (/usr/share/texmf-dist/tex/generic/pgf/basiclayer/pgfcoreimage.code.tex
File: pgfcoreimage.code.tex 2021/05/15 v3.1.9a (3.1.9a)
 (/usr/share/texmf-dist/tex/generic/pgf/basiclayer/pgfcoreexternal.code.tex
File: pgfcoreexternal.code.tex 2021/05/15 v3.1.9a (3.1.9a)
\pgfexternal@startupbox=\box66
)) (/usr/share/texmf-dist/tex/generic/pgf/basiclayer/pgfcorelayers.code.tex
File: pgfcorelayers.code.tex 2021/05/15 v3.1.9a (3.1.9a)
) (/usr/share/texmf-dist/tex/generic/pgf/basiclayer/pgfcoretransparency.code.tex
File: pgfcoretransparency.code.tex 2021/05/15 v3.1.9a (3.1.9a)
) (/usr/share/texmf-dist/tex/generic/pgf/basiclayer/pgfcorepatterns.code.tex
File: pgfcorepatterns.code.tex 2021/05/15 v3.1.9a (3.1.9a)
) (/usr/share/texmf-dist/tex/generic/pgf/basiclayer/pgfcorerdf.code.tex
File: pgfcorerdf.code.tex 2021/05/15 v3.1.9a (3.1.9a)
))) (/usr/share/texmf-dist/tex/generic/pgf/modules/pgfmoduleshapes.code.tex
File: pgfmoduleshapes.code.tex 2021/05/15 v3.1.9a (3.1.9a)
\pgfnodeparttextbox=\box67
) (/usr/share/texmf-dist/tex/generic/pgf/modules/pgfmoduleplot.code.tex
File: pgfmoduleplot.code.tex 2021/05/15 v3.1.9a (3.1.9a)
) (/usr/share/texmf-dist/tex/latex/pgf/compatibility/pgfcomp-version-0-65.sty
Package: pgfcomp-version-0-65 2021/05/15 v3.1.9a (3.1.9a)
\pgf@nodesepstart=\dimen279
\pgf@nodesepend=\dimen280
) (/usr/share/texmf-dist/tex/latex/pgf/compatibility/pgfcomp-version-1-18.sty
Package: pgfcomp-version-1-18 2021/05/15 v3.1.9a (3.1.9a)
)) (/usr/share/texmf-dist/tex/latex/pgf/utilities/pgffor.sty (/usr/share/texmf-dist/tex/latex/pgf/utilities/pgfkeys.sty (/usr/share/texmf-dist/tex/generic/pgf/utilities/pgfkeys.code.tex)) (/usr/share/texmf-dist/tex/latex/pgf/math/pgfmath.sty (/usr/share/texmf-dist/tex/generic/pgf/math/pgfmath.code.tex)) (/usr/share/texmf-dist/tex/generic/pgf/utilities/pgffor.code.tex
Package: pgffor 2021/05/15 v3.1.9a (3.1.9a)
 (/usr/share/texmf-dist/tex/generic/pgf/math/pgfmath.code.tex)
\pgffor@iter=\dimen281
\pgffor@skip=\dimen282
\pgffor@stack=\toks35
\pgffor@toks=\toks36
)) (/usr/share/texmf-dist/tex/generic/pgf/frontendlayer/tikz/tikz.code.tex
Package: tikz 2021/05/15 v3.1.9a (3.1.9a)
 (/usr/share/texmf-dist/tex/generic/pgf/libraries/pgflibraryplothandlers.code.tex
File: pgflibraryplothandlers.code.tex 2021/05/15 v3.1.9a (3.1.9a)
\pgf@plot@mark@count=\count335
\pgfplotmarksize=\dimen283
)
\tikz@lastx=\dimen284
\tikz@lasty=\dimen285
\tikz@lastxsaved=\dimen286
\tikz@lastysaved=\dimen287
\tikz@lastmovetox=\dimen288
\tikz@lastmovetoy=\dimen289
\tikzleveldistance=\dimen290
\tikzsiblingdistance=\dimen291
\tikz@figbox=\box68
\tikz@figbox@bg=\box69
\tikz@tempbox=\box70
\tikz@tempbox@bg=\box71
\tikztreelevel=\count336
\tikznumberofchildren=\count337
\tikznumberofcurrentchild=\count338
\tikz@fig@count=\count339
 (/usr/share/texmf-dist/tex/generic/pgf/modules/pgfmodulematrix.code.tex
File: pgfmodulematrix.code.tex 2021/05/15 v3.1.9a (3.1.9a)
\pgfmatrixcurrentrow=\count340
\pgfmatrixcurrentcolumn=\count341
\pgf@matrix@numberofcolumns=\count342
)
\tikz@expandcount=\count343
 (/usr/share/texmf-dist/tex/generic/pgf/frontendlayer/tikz/libraries/tikzlibrarytopaths.code.tex
File: tikzlibrarytopaths.code.tex 2021/05/15 v3.1.9a (3.1.9a)
))) (/usr/share/texmf-dist/tex/generic/pgf/frontendlayer/tikz/libraries/tikzlibraryshapes.geometric.code.tex
File: tikzlibraryshapes.geometric.code.tex 2021/05/15 v3.1.9a (3.1.9a)
 (/usr/share/texmf-dist/tex/generic/pgf/libraries/shapes/pgflibraryshapes.geometric.code.tex
File: pgflibraryshapes.geometric.code.tex 2021/05/15 v3.1.9a (3.1.9a)
)) (/usr/share/texmf-dist/tex/generic/pgf/frontendlayer/tikz/libraries/tikzlibraryarrows.code.tex
File: tikzlibraryarrows.code.tex 2021/05/15 v3.1.9a (3.1.9a)
 (/usr/share/texmf-dist/tex/generic/pgf/libraries/pgflibraryarrows.code.tex
File: pgflibraryarrows.code.tex 2021/05/15 v3.1.9a (3.1.9a)
\arrowsize=\dimen292
)) (/usr/share/texmf-dist/tex/generic/pgf/frontendlayer/tikz/libraries/tikzlibrarypositioning.code.tex
File: tikzlibrarypositioning.code.tex 2021/05/15 v3.1.9a (3.1.9a)
) (/usr/share/texmf-dist/tex/generic/pgf/frontendlayer/tikz/libraries/tikzlibrarycalc.code.tex
File: tikzlibrarycalc.code.tex 2021/05/15 v3.1.9a (3.1.9a)
) (./abbreviations.tex
\g__acro_LCOE_int=\count344
\g__acro_HAWT_int=\count345
\g__acro_VAWT_int=\count346
\g__acro_BRBM_int=\count347
\g__acro_SISO_int=\count348
\g__acro_LQR_int=\count349
\g__acro_MPC_int=\count350
\g__acro_IPC_int=\count351
\g__acro_CPC_int=\count352
\g__acro_PID_int=\count353
\g__acro_PSD_int=\count354
\g__acro_NTM_int=\count355
\g__acro_DEL_int=\count356
\g__acro_bDEL_int=\count357
\g__acro_pDEL_int=\count358
\g__acro_ETM_int=\count359
\g__acro_EWM_int=\count360
\g__acro_BEM_int=\count361
\g__acro_VPM_int=\count362
\g__acro_RMS_int=\count363
\g__acro_IQM_int=\count364
\g__acro_CAPS_int=\count365
\g__acro_DDPG_int=\count366
\g__acro_DQN_int=\count367
\g__acro_PG_int=\count368
\g__acro_DPG_int=\count369
\g__acro_TD3_int=\count370
\g__acro_REINFORCE_int=\count371
\g__acro_RL_int=\count372
\g__acro_MDP_int=\count373
\g__acro_POMDP_int=\count374
\g__acro_PER_int=\count375
\g__acro_RFC_int=\count376
\g__acro_Off-PAC_int=\count377
\g__acro_OU-Noise_int=\count378
\g__acro_TD-Error_int=\count379
\g__acro_KL-Divergence_int=\count380
\g__acro_PPO_int=\count381
\g__acro_TRPO_int=\count382
\g__acro_ACKTR_int=\count383
\g__acro_SAC_int=\count384
\g__acro_WINDL_int=\count385
\g__acro_MLP_int=\count386
)
Package translations Info: No language package found. I am going to use `english' as default language. on input line 40.
Package csquotes Info: Checking for multilingual support...
Package csquotes Info: ... none found.
LaTeX Font Info:    Trying to load font information for T1+ppl on input line 40.
 (/usr/share/texmf-dist/tex/latex/psnfss/t1ppl.fd
File: t1ppl.fd 2001/06/04 font definitions for T1/ppl.
) (build/main.aux (build/main.acr))
\openout1 = `main.aux'.

LaTeX Font Info:    Checking defaults for OML/cmm/m/it on input line 40.
LaTeX Font Info:    ... okay on input line 40.
LaTeX Font Info:    Checking defaults for OMS/cmsy/m/n on input line 40.
LaTeX Font Info:    ... okay on input line 40.
LaTeX Font Info:    Checking defaults for OT1/cmr/m/n on input line 40.
LaTeX Font Info:    ... okay on input line 40.
LaTeX Font Info:    Checking defaults for T1/cmr/m/n on input line 40.
LaTeX Font Info:    ... okay on input line 40.
LaTeX Font Info:    Checking defaults for TS1/cmr/m/n on input line 40.
LaTeX Font Info:    ... okay on input line 40.
LaTeX Font Info:    Checking defaults for OMX/cmex/m/n on input line 40.
LaTeX Font Info:    ... okay on input line 40.
LaTeX Font Info:    Checking defaults for U/cmr/m/n on input line 40.
LaTeX Font Info:    ... okay on input line 40.
LaTeX Font Info:    Checking defaults for PD1/pdf/m/n on input line 40.
LaTeX Font Info:    ... okay on input line 40.
LaTeX Font Info:    Checking defaults for PU/pdf/m/n on input line 40.
LaTeX Font Info:    ... okay on input line 40.
 (/usr/share/texmf-dist/tex/context/base/mkii/supp-pdf.mkii
[Loading MPS to PDF converter (version 2006.09.02).]
\scratchcounter=\count387
\scratchdimen=\dimen293
\scratchbox=\box72
\nofMPsegments=\count388
\nofMParguments=\count389
\everyMPshowfont=\toks37
\MPscratchCnt=\count390
\MPscratchDim=\dimen294
\MPnumerator=\count391
\makeMPintoPDFobject=\count392
\everyMPtoPDFconversion=\toks38
) (/usr/share/texmf-dist/tex/latex/epstopdf-pkg/epstopdf-base.sty
Package: epstopdf-base 2020-01-24 v2.11 Base part for package epstopdf
Package epstopdf-base Info: Redefining graphics rule for `.eps' on input line 485.
 (/usr/share/texmf-dist/tex/latex/latexconfig/epstopdf-sys.cfg
File: epstopdf-sys.cfg 2010/07/13 v1.3 Configuration of (r)epstopdf for TeX Live
))
Package caption Info: Begin \AtBeginDocument code.
Package caption Info: changepage package is loaded.
\caption@adjustwidth@hsize=\dimen295
\caption@adjustwidth@linewidth=\dimen296
Package caption Info: hyperref package is loaded.
Package caption Info: longtable package is loaded.
 (/usr/share/texmf-dist/tex/latex/caption/ltcaption.sty
Package: ltcaption 2020/05/30 v1.4b longtable captions (AR)
)
Package caption Info: End \AtBeginDocument code.
\l__acro_aux_file_iow=\write4
\openout4 = `main.acr'.



LaTeX hooks Warning: Generic hook
(hooks)              'file/after/translations-basic-dictionary-english.trsl'
(hooks)              is deprecated.
(hooks)              Use hook
(hooks)              'file/translations-basic-dictionary-english.trsl/after'
(hooks)              instead.

(/usr/share/texmf-dist/tex/latex/translations/translations-basic-dictionary-english.trsl
File: translations-basic-dictionary-english.trsl (english translation file `translations-basic-dictionary')
)
Package translations Info: loading dictionary `translations-basic-dictionary' for `english'. on input line 40.
Package hyperref Info: Link coloring OFF on input line 40.
 (/usr/share/texmf-dist/tex/latex/hyperref/nameref.sty
Package: nameref 2021-04-02 v2.47 Cross-referencing by name of section
 (/usr/share/texmf-dist/tex/latex/refcount/refcount.sty
Package: refcount 2019/12/15 v3.6 Data extraction from label references (HO)
) (/usr/share/texmf-dist/tex/generic/gettitlestring/gettitlestring.sty
Package: gettitlestring 2019/12/15 v1.6 Cleanup title references (HO)
)
\c@section@level=\count393
)
LaTeX Info: Redefining \ref on input line 40.
LaTeX Info: Redefining \pageref on input line 40.
LaTeX Info: Redefining \nameref on input line 40.
 (build/main.out) (build/main.out)
\@outlinefile=\write5
\openout5 = `main.out'.



Package xcolor Warning: Incompatible color definition on input line 56.


Package xcolor Warning: Incompatible color definition on input line 56.

LaTeX Font Info:    Font shape `T1/phv/b/n' will be
(Font)              scaled to size 9.49997pt on input line 56.
LaTeX Font Info:    Font shape `T1/phv/b/n' will be
(Font)              scaled to size 13.67995pt on input line 56.
LaTeX Font Info:    Font shape `T1/phv/m/n' will be
(Font)              scaled to size 13.67995pt on input line 56.
LaTeX Font Info:    Font shape `T1/phv/b/n' will be
(Font)              scaled to size 23.63593pt on input line 56.
LaTeX Font Info:    Trying to load font information for OT1+pplx on input line 56.
(/usr/share/texmf-dist/tex/latex/psnfss/ot1pplx.fd
File: ot1pplx.fd 2004/09/06 font definitions for OT1/pplx.
)
LaTeX Font Info:    Trying to load font information for OML+zplm on input line 56.
 (/usr/share/texmf-dist/tex/latex/psnfss/omlzplm.fd
File: omlzplm.fd 2002/09/08 Fontinst v1.914 font definitions for OML/zplm.
)
LaTeX Font Info:    Trying to load font information for OMS+zplm on input line 56.
 (/usr/share/texmf-dist/tex/latex/psnfss/omszplm.fd
File: omszplm.fd 2002/09/08 Fontinst v1.914 font definitions for OMS/zplm.
)
LaTeX Font Info:    Trying to load font information for OMX+zplm on input line 56.
 (/usr/share/texmf-dist/tex/latex/psnfss/omxzplm.fd
File: omxzplm.fd 2002/09/08 Fontinst v1.914 font definitions for OMX/zplm.
)
LaTeX Font Info:    Trying to load font information for OT1+zplm on input line 56.
 (/usr/share/texmf-dist/tex/latex/psnfss/ot1zplm.fd
File: ot1zplm.fd 2002/09/08 Fontinst v1.914 font definitions for OT1/zplm.
)
LaTeX Font Info:    Font shape `U/msa/m/n' will be
(Font)              scaled to size 10.42007pt on input line 56.
LaTeX Font Info:    Font shape `U/msa/m/n' will be
(Font)              scaled to size 7.91925pt on input line 56.
LaTeX Font Info:    Font shape `U/msa/m/n' will be
(Font)              scaled to size 6.25204pt on input line 56.
LaTeX Font Info:    Font shape `U/msb/m/n' will be
(Font)              scaled to size 10.42007pt on input line 56.
LaTeX Font Info:    Font shape `U/msb/m/n' will be
(Font)              scaled to size 7.91925pt on input line 56.
LaTeX Font Info:    Font shape `U/msb/m/n' will be
(Font)              scaled to size 6.25204pt on input line 56.
File: TU_Logo_SW.pdf Graphic file (type pdf)
<use TU_Logo_SW.pdf>
Package pdftex.def Info: TU_Logo_SW.pdf  used on input line 56.
(pdftex.def)             Requested size: 162.1807pt x 47.51472pt.

Underfull \hbox (badness 10000) has occurred while \output is active
[][]
 []


Overfull \hbox (85.35828pt too wide) has occurred while \output is active
[]| [] []
 []

[1{/var/lib/texmf/fonts/map/pdftex/updmap/pdftex.map}


 <./TU_Logo_SW.pdf>]
Underfull \hbox (badness 10000) has occurred while \output is active
\T1/phv/m/n/10 2
 []

[2

] [3]
Underfull \hbox (badness 10000) has occurred while \output is active
\T1/phv/m/n/10 4
 []

[4

] (./chapters/abstract.tex) [5

]
Underfull \hbox (badness 10000) has occurred while \output is active
\T1/phv/m/n/10 6
 []

[6

]

Package xcolor Warning: Incompatible color definition on input line 67.

(build/main.toc [7

]
Overfull \vbox (4.89104pt too high) has occurred while \output is active []


Underfull \hbox (badness 10000) has occurred while \output is active
\T1/phv/m/n/10 8
 []

[8]
Overfull \vbox (4.89104pt too high) has occurred while \output is active []

 [9])
\tf@toc=\write6
\openout6 = `main.toc'.


Overfull \vbox (4.89104pt too high) has occurred while \output is active []


Underfull \hbox (badness 10000) has occurred while \output is active
\T1/phv/m/n/10 10
 []

[10]

Package xcolor Warning: Incompatible color definition on input line 69.

(./chapters/table_of_symbols.tex [11

]
LaTeX Font Info:    Trying to load font information for U+fplmbb on input line 68.
 (/usr/share/texmf-dist/tex/latex/psnfss/ufplmbb.fd
File: ufplmbb.fd 2003/10/30 Fontinst v1.914 font definitions for U/fplmbb.
)
Overfull \vbox (4.89104pt too high) has occurred while \output is active []


Underfull \hbox (badness 10000) has occurred while \output is active
\T1/phv/m/n/10 12
 []

[12]
Overfull \vbox (4.89104pt too high) has occurred while \output is active []

 [13]
Overfull \vbox (4.89104pt too high) has occurred while \output is active []


Underfull \hbox (badness 10000) has occurred while \output is active
\T1/phv/m/n/10 14
 []

[14])
Overfull \vbox (4.89104pt too high) has occurred while \output is active []

 [15]
Overfull \vbox (4.89104pt too high) has occurred while \output is active []


Underfull \hbox (badness 10000) has occurred while \output is active
\T1/phv/m/n/10 16
 []

[16

]
Chapter 1.

Package xcolor Warning: Incompatible color definition on input line 72.

(./chapters/intro.tex [17]
Overfull \vbox (4.89104pt too high) has occurred while \output is active []


Underfull \hbox (badness 10000) has occurred while \output is active
\T1/phv/m/n/10 18
 []

[18]) [19]
Overfull \vbox (4.89104pt too high) has occurred while \output is active []


Underfull \hbox (badness 10000) has occurred while \output is active
\T1/phv/m/n/10 20
 []

[20

]
Chapter 2.

Package xcolor Warning: Incompatible color definition on input line 75.

(./chapters/background.tex
LaTeX Font Info:    Font shape `T1/phv/b/n' will be
(Font)              scaled to size 11.39996pt on input line 11.

Overfull \hbox (2.94434pt too wide) in paragraph at lines 14--15
[]\T1/ppl/m/n/10 This sub-sec-tion de-fines the math-e-mat-i-cal no-tion of en-vi-ron-ments and re-wards, through which
 []

[21]
Overfull \vbox (4.89104pt too high) has occurred while \output is active []


Underfull \hbox (badness 10000) has occurred while \output is active
\T1/phv/m/n/10 22
 []

[22]
Overfull \vbox (4.89104pt too high) has occurred while \output is active []

 [23]
Overfull \vbox (4.89104pt too high) has occurred while \output is active []


Underfull \hbox (badness 10000) has occurred while \output is active
\T1/phv/m/n/10 24
 []

[24]
Overfull \vbox (4.89104pt too high) has occurred while \output is active []

 [25]
Overfull \vbox (4.89104pt too high) has occurred while \output is active []


Underfull \hbox (badness 10000) has occurred while \output is active
\T1/phv/m/n/10 26
 []

[26]
Overfull \vbox (4.89104pt too high) has occurred while \output is active []

 [27]
<images/Windturbine-Schema.png, id=636, 2319.867pt x 1283.997pt>
File: images/Windturbine-Schema.png Graphic file (type png)
<use images/Windturbine-Schema.png>
Package pdftex.def Info: images/Windturbine-Schema.png  used on input line 221.
(pdftex.def)             Requested size: 298.75262pt x 165.3385pt.
<images/IEA10MW-Characteristics-1.png, id=642, 131.5314pt x 86.0013pt>
File: images/IEA10MW-Characteristics-1.png Graphic file (type png)
<use images/IEA10MW-Characteristics-1.png>
Package pdftex.def Info: images/IEA10MW-Characteristics-1.png  used on input line 233.
(pdftex.def)             Requested size: 136.57634pt x 89.3093pt.
<images/IEA10MW-Characteristics-2.png, id=643, 131.5314pt x 86.0013pt>
File: images/IEA10MW-Characteristics-2.png Graphic file (type png)
<use images/IEA10MW-Characteristics-2.png>
Package pdftex.def Info: images/IEA10MW-Characteristics-2.png  used on input line 239.
(pdftex.def)             Requested size: 136.57634pt x 89.3093pt.
<images/IEA10MW-Characteristics-3.png, id=644, 131.0496pt x 86.0013pt>
File: images/IEA10MW-Characteristics-3.png Graphic file (type png)
<use images/IEA10MW-Characteristics-3.png>
Package pdftex.def Info: images/IEA10MW-Characteristics-3.png  used on input line 245.
(pdftex.def)             Requested size: 136.57634pt x 89.62949pt.

Overfull \vbox (4.89104pt too high) has occurred while \output is active []


Underfull \hbox (badness 10000) has occurred while \output is active
\T1/phv/m/n/10 28
 []

[28 <./images/Windturbine-Schema.png>]
LaTeX Font Info:    Trying to load font information for TS1+ppl on input line 258.
 (/usr/share/texmf-dist/tex/latex/psnfss/ts1ppl.fd
File: ts1ppl.fd 2001/06/04 font definitions for TS1/ppl.
)
Overfull \vbox (4.89104pt too high) has occurred while \output is active []

 [29 <./images/IEA10MW-Characteristics-1.png> <./images/IEA10MW-Characteristics-2.png> <./images/IEA10MW-Characteristics-3.png>]
Overfull \vbox (4.89104pt too high) has occurred while \output is active []


Underfull \hbox (badness 10000) has occurred while \output is active
\T1/phv/m/n/10 30
 []

[30]
Overfull \vbox (4.89104pt too high) has occurred while \output is active []

 [31]
Overfull \vbox (4.89104pt too high) has occurred while \output is active []


Underfull \hbox (badness 10000) has occurred while \output is active
\T1/phv/m/n/10 32
 []

[32]
Overfull \vbox (4.89104pt too high) has occurred while \output is active []

 [33]
Overfull \vbox (4.89104pt too high) has occurred while \output is active []


Underfull \hbox (badness 10000) has occurred while \output is active
\T1/phv/m/n/10 34
 []

[34]
Overfull \vbox (4.89104pt too high) has occurred while \output is active []

 [35]
<images/IPC-reference.png, id=743, 360.8682pt x 174.8934pt>
File: images/IPC-reference.png Graphic file (type png)
<use images/IPC-reference.png>
Package pdftex.def Info: images/IPC-reference.png  used on input line 444.
(pdftex.def)             Requested size: 426.79134pt x 206.85545pt.

Overfull \vbox (4.89104pt too high) has occurred while \output is active []


Underfull \hbox (badness 10000) has occurred while \output is active
\T1/phv/m/n/10 36
 []

[36]
Overfull \vbox (4.89104pt too high) has occurred while \output is active []

 [37 <./images/IPC-reference.png>])
Overfull \vbox (4.89104pt too high) has occurred while \output is active []


Underfull \hbox (badness 10000) has occurred while \output is active
\T1/phv/m/n/10 38
 []

[38]
Chapter 3.

Package xcolor Warning: Incompatible color definition on input line 78.

(./chapters/approach.tex
Underfull \vbox (badness 7344) has occurred while \output is active []

 [39

]
Overfull \vbox (4.89104pt too high) has occurred while \output is active []


Underfull \hbox (badness 10000) has occurred while \output is active
\T1/phv/m/n/10 40
 []

[40]
Overfull \vbox (4.89104pt too high) has occurred while \output is active []

 [41]
Overfull \vbox (4.89104pt too high) has occurred while \output is active []


Underfull \hbox (badness 10000) has occurred while \output is active
\T1/phv/m/n/10 42
 []

[42]
Overfull \vbox (4.89104pt too high) has occurred while \output is active []

 [43]
Overfull \vbox (4.89104pt too high) has occurred while \output is active []


Underfull \hbox (badness 10000) has occurred while \output is active
\T1/phv/m/n/10 44
 []

[44]
Overfull \vbox (4.89104pt too high) has occurred while \output is active []

 [45]
Overfull \vbox (4.89104pt too high) has occurred while \output is active []


Underfull \hbox (badness 10000) has occurred while \output is active
\T1/phv/m/n/10 46
 []

[46]
Overfull \vbox (4.89104pt too high) has occurred while \output is active []

 [47]
Overfull \vbox (4.89104pt too high) has occurred while \output is active []


Underfull \hbox (badness 10000) has occurred while \output is active
\T1/phv/m/n/10 48
 []

[48]
Overfull \vbox (4.89104pt too high) has occurred while \output is active []

 [49]
Overfull \vbox (4.89104pt too high) has occurred while \output is active []


Underfull \hbox (badness 10000) has occurred while \output is active
\T1/phv/m/n/10 50
 []

[50]
Overfull \vbox (4.89104pt too high) has occurred while \output is active []

 [51]
Underfull \vbox (badness 3148) has occurred while \output is active []


Overfull \vbox (4.89104pt too high) has occurred while \output is active []


Underfull \hbox (badness 10000) has occurred while \output is active
\T1/phv/m/n/10 52
 []

[52]
Overfull \vbox (4.73807pt too high) has occurred while \output is active []

 [53]
Overfull \vbox (4.89104pt too high) has occurred while \output is active []


Underfull \hbox (badness 10000) has occurred while \output is active
\T1/phv/m/n/10 54
 []

[54]
<images/Distributed-QBlade.pdf, id=961, 556.0775pt x 214.8025pt>
File: images/Distributed-QBlade.pdf Graphic file (type pdf)
<use images/Distributed-QBlade.pdf>
Package pdftex.def Info: images/Distributed-QBlade.pdf  used on input line 457.
(pdftex.def)             Requested size: 298.75262pt x 115.40492pt.

Overfull \vbox (4.73807pt too high) has occurred while \output is active []

 [55 <./images/Distributed-QBlade.pdf>]
Overfull \vbox (4.89104pt too high) has occurred while \output is active []


Underfull \hbox (badness 10000) has occurred while \output is active
\T1/phv/m/n/10 56
 []

[56]
Overfull \vbox (4.73807pt too high) has occurred while \output is active []

 [57]
Overfull \vbox (4.89104pt too high) has occurred while \output is active []


Underfull \hbox (badness 10000) has occurred while \output is active
\T1/phv/m/n/10 58
 []

[58]
Overfull \vbox (4.73807pt too high) has occurred while \output is active []

 [59]
Overfull \vbox (4.89104pt too high) has occurred while \output is active []


Underfull \hbox (badness 10000) has occurred while \output is active
\T1/phv/m/n/10 60
 []

[60])
Overfull \vbox (4.73807pt too high) has occurred while \output is active []

 [61]
Overfull \vbox (4.89104pt too high) has occurred while \output is active []


Underfull \hbox (badness 10000) has occurred while \output is active
\T1/phv/m/n/10 62
 []

[62

]
Chapter 4.

Package xcolor Warning: Incompatible color definition on input line 81.

(./chapters/results.tex [63]
<images/steady_sweep_bdel.pdf, id=1064, 401.58029pt x 301.125pt>
File: images/steady_sweep_bdel.pdf Graphic file (type pdf)
<use images/steady_sweep_bdel.pdf>
Package pdftex.def Info: images/steady_sweep_bdel.pdf  used on input line 41.
(pdftex.def)             Requested size: 204.85802pt x 153.61307pt.
<images/steady_sweep_pdel.pdf, id=1065, 401.58029pt x 301.125pt>
File: images/steady_sweep_pdel.pdf Graphic file (type pdf)
<use images/steady_sweep_pdel.pdf>
Package pdftex.def Info: images/steady_sweep_pdel.pdf  used on input line 47.
(pdftex.def)             Requested size: 204.85802pt x 153.61307pt.

Underfull \vbox (badness 5970) has occurred while \output is active []


Overfull \vbox (4.89104pt too high) has occurred while \output is active []


Underfull \hbox (badness 10000) has occurred while \output is active
\T1/phv/m/n/10 64
 []

[64 <./images/steady_sweep_bdel.pdf> <./images/steady_sweep_pdel.pdf>]
<images/steady_rollout_blade_bending.pdf, id=1100, 401.58029pt x 301.125pt>
File: images/steady_rollout_blade_bending.pdf Graphic file (type pdf)
<use images/steady_rollout_blade_bending.pdf>
Package pdftex.def Info: images/steady_rollout_blade_bending.pdf  used on input line 64.
(pdftex.def)             Requested size: 204.85802pt x 153.61307pt.
<images/steady_rollout_pitch.pdf, id=1101, 401.58029pt x 301.125pt>
File: images/steady_rollout_pitch.pdf Graphic file (type pdf)
<use images/steady_rollout_pitch.pdf>
Package pdftex.def Info: images/steady_rollout_pitch.pdf  used on input line 70.
(pdftex.def)             Requested size: 204.85802pt x 153.61307pt.
<images/steady_rollout_blade_psd.pdf, id=1102, 401.58029pt x 301.125pt>
File: images/steady_rollout_blade_psd.pdf Graphic file (type pdf)
<use images/steady_rollout_blade_psd.pdf>
Package pdftex.def Info: images/steady_rollout_blade_psd.pdf  used on input line 76.
(pdftex.def)             Requested size: 204.85802pt x 153.61307pt.
<images/steady_rollout_pitch_psd.pdf, id=1103, 401.58029pt x 301.125pt>
File: images/steady_rollout_pitch_psd.pdf Graphic file (type pdf)
<use images/steady_rollout_pitch_psd.pdf>
Package pdftex.def Info: images/steady_rollout_pitch_psd.pdf  used on input line 82.
(pdftex.def)             Requested size: 204.85802pt x 153.61307pt.

Underfull \vbox (badness 10000) has occurred while \output is active []


Overfull \vbox (4.89104pt too high) has occurred while \output is active []

 [65 <./images/steady_rollout_blade_bending.pdf> <./images/steady_rollout_pitch.pdf> <./images/steady_rollout_blade_psd.pdf> <./images/steady_rollout_pitch_psd.pdf>]
Overfull \vbox (4.89104pt too high) has occurred while \output is active []


Underfull \hbox (badness 10000) has occurred while \output is active
\T1/phv/m/n/10 66
 []

[66]
<images/transition_bdel.pdf, id=1163, 401.58029pt x 301.125pt>
File: images/transition_bdel.pdf Graphic file (type pdf)
<use images/transition_bdel.pdf>
Package pdftex.def Info: images/transition_bdel.pdf  used on input line 120.
(pdftex.def)             Requested size: 204.85802pt x 153.61307pt.
<images/transition_power.pdf, id=1164, 401.58029pt x 301.125pt>
File: images/transition_power.pdf Graphic file (type pdf)
<use images/transition_power.pdf>
Package pdftex.def Info: images/transition_power.pdf  used on input line 126.
(pdftex.def)             Requested size: 204.85802pt x 153.61307pt.

Overfull \vbox (4.89104pt too high) has occurred while \output is active []

 [67]
<images/pitch_angle_rollout_10_7ms.pdf, id=1176, 401.58029pt x 301.125pt>
File: images/pitch_angle_rollout_10_7ms.pdf Graphic file (type pdf)
<use images/pitch_angle_rollout_10_7ms.pdf>
Package pdftex.def Info: images/pitch_angle_rollout_10_7ms.pdf  used on input line 145.
(pdftex.def)             Requested size: 204.85802pt x 153.61307pt.
<images/pitch_angle_rollout_11_5ms.pdf, id=1177, 401.58029pt x 301.125pt>
File: images/pitch_angle_rollout_11_5ms.pdf Graphic file (type pdf)
<use images/pitch_angle_rollout_11_5ms.pdf>
Package pdftex.def Info: images/pitch_angle_rollout_11_5ms.pdf  used on input line 152.
(pdftex.def)             Requested size: 204.85802pt x 153.61307pt.

Overfull \vbox (4.89104pt too high) has occurred while \output is active []


Underfull \hbox (badness 10000) has occurred while \output is active
\T1/phv/m/n/10 68
 []

[68 <./images/transition_bdel.pdf> <./images/transition_power.pdf>]
Underfull \vbox (badness 10000) has occurred while \output is active []


Overfull \vbox (4.89104pt too high) has occurred while \output is active []

 [69 <./images/pitch_angle_rollout_10_7ms.pdf> <./images/pitch_angle_rollout_11_5ms.pdf>]
<images/naive_sweep_bdel.pdf, id=1237, 401.58029pt x 301.125pt>
File: images/naive_sweep_bdel.pdf Graphic file (type pdf)
<use images/naive_sweep_bdel.pdf>
Package pdftex.def Info: images/naive_sweep_bdel.pdf  used on input line 187.
(pdftex.def)             Requested size: 204.85802pt x 153.61307pt.
<images/naive_sweep_pdel.pdf, id=1238, 401.58029pt x 301.125pt>
File: images/naive_sweep_pdel.pdf Graphic file (type pdf)
<use images/naive_sweep_pdel.pdf>
Package pdftex.def Info: images/naive_sweep_pdel.pdf  used on input line 193.
(pdftex.def)             Requested size: 204.85802pt x 153.61307pt.
<images/naive_sweep_extreme.pdf, id=1239, 401.58029pt x 301.125pt>
File: images/naive_sweep_extreme.pdf Graphic file (type pdf)
<use images/naive_sweep_extreme.pdf>
Package pdftex.def Info: images/naive_sweep_extreme.pdf  used on input line 199.
(pdftex.def)             Requested size: 204.85802pt x 153.61307pt.
<images/naive_sweep_power.pdf, id=1240, 401.58029pt x 301.125pt>
File: images/naive_sweep_power.pdf Graphic file (type pdf)
<use images/naive_sweep_power.pdf>
Package pdftex.def Info: images/naive_sweep_power.pdf  used on input line 205.
(pdftex.def)             Requested size: 204.85802pt x 153.61307pt.

Overfull \vbox (4.89104pt too high) has occurred while \output is active []


Underfull \hbox (badness 10000) has occurred while \output is active
\T1/phv/m/n/10 70
 []

[70]
Overfull \vbox (4.89104pt too high) has occurred while \output is active []

 [71 <./images/naive_sweep_bdel.pdf> <./images/naive_sweep_pdel.pdf> <./images/naive_sweep_extreme.pdf> <./images/naive_sweep_power.pdf>]
Overfull \vbox (4.89104pt too high) has occurred while \output is active []


Underfull \hbox (badness 10000) has occurred while \output is active
\T1/phv/m/n/10 72
 []

[72]
<images/adjusted_bdelopt_bdel.pdf, id=1323, 401.58029pt x 301.125pt>
File: images/adjusted_bdelopt_bdel.pdf Graphic file (type pdf)
<use images/adjusted_bdelopt_bdel.pdf>
Package pdftex.def Info: images/adjusted_bdelopt_bdel.pdf  used on input line 269.
(pdftex.def)             Requested size: 204.85802pt x 153.61307pt.
<images/adjusted_bdelopt_pdel.pdf, id=1324, 401.58029pt x 301.125pt>
File: images/adjusted_bdelopt_pdel.pdf Graphic file (type pdf)
<use images/adjusted_bdelopt_pdel.pdf>
Package pdftex.def Info: images/adjusted_bdelopt_pdel.pdf  used on input line 275.
(pdftex.def)             Requested size: 204.85802pt x 153.61307pt.
<images/adjusted_bdelopt_extreme.pdf, id=1325, 401.58029pt x 301.125pt>
File: images/adjusted_bdelopt_extreme.pdf Graphic file (type pdf)
<use images/adjusted_bdelopt_extreme.pdf>
Package pdftex.def Info: images/adjusted_bdelopt_extreme.pdf  used on input line 281.
(pdftex.def)             Requested size: 204.85802pt x 153.61307pt.
<images/adjusted_bdelopt_power.pdf, id=1326, 401.58029pt x 301.125pt>
File: images/adjusted_bdelopt_power.pdf Graphic file (type pdf)
<use images/adjusted_bdelopt_power.pdf>
Package pdftex.def Info: images/adjusted_bdelopt_power.pdf  used on input line 287.
(pdftex.def)             Requested size: 204.85802pt x 153.61307pt.

Overfull \vbox (4.73807pt too high) has occurred while \output is active []

 [73]
Overfull \vbox (4.89104pt too high) has occurred while \output is active []


Underfull \hbox (badness 10000) has occurred while \output is active
\T1/phv/m/n/10 74
 []

[74 <./images/adjusted_bdelopt_bdel.pdf> <./images/adjusted_bdelopt_pdel.pdf> <./images/adjusted_bdelopt_extreme.pdf> <./images/adjusted_bdelopt_power.pdf>]
<images/adjusted_blade_rollout.pdf, id=1403, 401.58029pt x 301.125pt>
File: images/adjusted_blade_rollout.pdf Graphic file (type pdf)
<use images/adjusted_blade_rollout.pdf>
Package pdftex.def Info: images/adjusted_blade_rollout.pdf  used on input line 334.
(pdftex.def)             Requested size: 204.85802pt x 153.61307pt.
<images/adjusted_pitch_rollout.pdf, id=1404, 401.58029pt x 301.125pt>
File: images/adjusted_pitch_rollout.pdf Graphic file (type pdf)
<use images/adjusted_pitch_rollout.pdf>
Package pdftex.def Info: images/adjusted_pitch_rollout.pdf  used on input line 340.
(pdftex.def)             Requested size: 204.85802pt x 153.61307pt.
<images/adjusted_lowwind_blade_rollout.pdf, id=1405, 401.58029pt x 301.125pt>
File: images/adjusted_lowwind_blade_rollout.pdf Graphic file (type pdf)
<use images/adjusted_lowwind_blade_rollout.pdf>
Package pdftex.def Info: images/adjusted_lowwind_blade_rollout.pdf  used on input line 346.
(pdftex.def)             Requested size: 204.85802pt x 153.61307pt.
<images/adjusted_lowwind_pitch_rollout.pdf, id=1406, 401.58029pt x 301.125pt>
File: images/adjusted_lowwind_pitch_rollout.pdf Graphic file (type pdf)
<use images/adjusted_lowwind_pitch_rollout.pdf>
Package pdftex.def Info: images/adjusted_lowwind_pitch_rollout.pdf  used on input line 352.
(pdftex.def)             Requested size: 204.85802pt x 153.61307pt.

Overfull \vbox (4.73807pt too high) has occurred while \output is active []

 [75 <./images/adjusted_blade_rollout.pdf> <./images/adjusted_pitch_rollout.pdf> <./images/adjusted_lowwind_blade_rollout.pdf> <./images/adjusted_lowwind_pitch_rollout.pdf>]
<images/turbulent_psd_blade.pdf, id=1460, 401.58029pt x 301.125pt>
File: images/turbulent_psd_blade.pdf Graphic file (type pdf)
<use images/turbulent_psd_blade.pdf>
Package pdftex.def Info: images/turbulent_psd_blade.pdf  used on input line 371.
(pdftex.def)             Requested size: 204.85802pt x 153.61307pt.
<images/turbulent_psd_pitch.pdf, id=1461, 401.58029pt x 301.125pt>
File: images/turbulent_psd_pitch.pdf Graphic file (type pdf)
<use images/turbulent_psd_pitch.pdf>
Package pdftex.def Info: images/turbulent_psd_pitch.pdf  used on input line 377.
(pdftex.def)             Requested size: 204.85802pt x 153.61307pt.

Overfull \vbox (4.89104pt too high) has occurred while \output is active []


Underfull \hbox (badness 10000) has occurred while \output is active
\T1/phv/m/n/10 76
 []

[76 <./images/turbulent_psd_blade.pdf> <./images/turbulent_psd_pitch.pdf>]
Overfull \vbox (4.73807pt too high) has occurred while \output is active []

 [77]
Overfull \vbox (4.89104pt too high) has occurred while \output is active []


Underfull \hbox (badness 10000) has occurred while \output is active
\T1/phv/m/n/10 78
 []

[78]
Overfull \vbox (4.89104pt too high) has occurred while \output is active []

 [79]
Overfull \vbox (4.89104pt too high) has occurred while \output is active []


Underfull \hbox (badness 10000) has occurred while \output is active
\T1/phv/m/n/10 80
 []

[80]
<images/transfer_turbulent_bdel.pdf, id=1532, 401.58029pt x 301.125pt>
File: images/transfer_turbulent_bdel.pdf Graphic file (type pdf)
<use images/transfer_turbulent_bdel.pdf>
Package pdftex.def Info: images/transfer_turbulent_bdel.pdf  used on input line 524.
(pdftex.def)             Requested size: 204.85802pt x 153.61307pt.
<images/transfer_turbulent_pdel.pdf, id=1533, 401.58029pt x 301.125pt>
File: images/transfer_turbulent_pdel.pdf Graphic file (type pdf)
<use images/transfer_turbulent_pdel.pdf>
Package pdftex.def Info: images/transfer_turbulent_pdel.pdf  used on input line 530.
(pdftex.def)             Requested size: 204.85802pt x 153.61307pt.

Overfull \vbox (4.89104pt too high) has occurred while \output is active []

 [81]
<images/transfer_steady_bdel.pdf, id=1543, 401.58029pt x 301.125pt>
File: images/transfer_steady_bdel.pdf Graphic file (type pdf)
<use images/transfer_steady_bdel.pdf>
Package pdftex.def Info: images/transfer_steady_bdel.pdf  used on input line 550.
(pdftex.def)             Requested size: 204.85802pt x 153.61307pt.
<images/transfer_steady_pdel.pdf, id=1544, 401.58029pt x 301.125pt>
File: images/transfer_steady_pdel.pdf Graphic file (type pdf)
<use images/transfer_steady_pdel.pdf>
Package pdftex.def Info: images/transfer_steady_pdel.pdf  used on input line 556.
(pdftex.def)             Requested size: 204.85802pt x 153.61307pt.

Overfull \vbox (4.89104pt too high) has occurred while \output is active []


Underfull \hbox (badness 10000) has occurred while \output is active
\T1/phv/m/n/10 82
 []

[82 <./images/transfer_turbulent_bdel.pdf> <./images/transfer_turbulent_pdel.pdf> <./images/transfer_steady_bdel.pdf> <./images/transfer_steady_pdel.pdf>]
Overfull \vbox (4.89104pt too high) has occurred while \output is active []

 [83]
<images/reward_analysis_blade.pdf, id=1619, 401.58029pt x 301.125pt>
File: images/reward_analysis_blade.pdf Graphic file (type pdf)
<use images/reward_analysis_blade.pdf>
Package pdftex.def Info: images/reward_analysis_blade.pdf  used on input line 602.
(pdftex.def)             Requested size: 204.85802pt x 153.61307pt.
<images/reward_analysis_pitch.pdf, id=1620, 401.58029pt x 301.125pt>
File: images/reward_analysis_pitch.pdf Graphic file (type pdf)
<use images/reward_analysis_pitch.pdf>
Package pdftex.def Info: images/reward_analysis_pitch.pdf  used on input line 608.
(pdftex.def)             Requested size: 204.85802pt x 153.61307pt.

Overfull \vbox (4.89104pt too high) has occurred while \output is active []


Underfull \hbox (badness 10000) has occurred while \output is active
\T1/phv/m/n/10 84
 []

[84]
Underfull \vbox (badness 10000) has occurred while \output is active []


Overfull \vbox (4.73807pt too high) has occurred while \output is active []

 [85 <./images/reward_analysis_blade.pdf> <./images/reward_analysis_pitch.pdf>]
Overfull \vbox (4.89104pt too high) has occurred while \output is active []


Underfull \hbox (badness 10000) has occurred while \output is active
\T1/phv/m/n/10 86
 []

[86]
<images/algocomps_reward.pdf, id=1669, 401.58029pt x 301.125pt>
File: images/algocomps_reward.pdf Graphic file (type pdf)
<use images/algocomps_reward.pdf>
Package pdftex.def Info: images/algocomps_reward.pdf  used on input line 652.
(pdftex.def)             Requested size: 204.85802pt x 153.61307pt.
<images/algocomps_losses.pdf, id=1670, 401.58029pt x 301.125pt>
File: images/algocomps_losses.pdf Graphic file (type pdf)
<use images/algocomps_losses.pdf>
Package pdftex.def Info: images/algocomps_losses.pdf  used on input line 658.
(pdftex.def)             Requested size: 204.85802pt x 153.61307pt.

Overfull \vbox (4.89104pt too high) has occurred while \output is active []

 [87 <./images/algocomps_reward.pdf> <./images/algocomps_losses.pdf>]
<images/frame_zoomout.pdf, id=1705, 401.58029pt x 301.125pt>
File: images/frame_zoomout.pdf Graphic file (type pdf)
<use images/frame_zoomout.pdf>
Package pdftex.def Info: images/frame_zoomout.pdf  used on input line 683.
(pdftex.def)             Requested size: 204.85802pt x 153.61307pt.
<images/frame_0.pdf, id=1706, 401.58029pt x 301.125pt>
File: images/frame_0.pdf Graphic file (type pdf)
<use images/frame_0.pdf>
Package pdftex.def Info: images/frame_0.pdf  used on input line 689.
(pdftex.def)             Requested size: 204.85802pt x 153.61307pt.
<images/frame_1.pdf, id=1707, 401.58029pt x 301.125pt>
File: images/frame_1.pdf Graphic file (type pdf)
<use images/frame_1.pdf>
Package pdftex.def Info: images/frame_1.pdf  used on input line 696.
(pdftex.def)             Requested size: 204.85802pt x 153.61307pt.
<images/frame_2.pdf, id=1708, 401.58029pt x 301.125pt>
File: images/frame_2.pdf Graphic file (type pdf)
<use images/frame_2.pdf>
Package pdftex.def Info: images/frame_2.pdf  used on input line 703.
(pdftex.def)             Requested size: 204.85802pt x 153.61307pt.
LaTeX Font Info:    Font shape `U/msa/m/n' will be
(Font)              scaled to size 9.37807pt on input line 708.
LaTeX Font Info:    Font shape `U/msa/m/n' will be
(Font)              scaled to size 7.29405pt on input line 708.
LaTeX Font Info:    Font shape `U/msa/m/n' will be
(Font)              scaled to size 5.21004pt on input line 708.
LaTeX Font Info:    Font shape `U/msb/m/n' will be
(Font)              scaled to size 9.37807pt on input line 708.
LaTeX Font Info:    Font shape `U/msb/m/n' will be
(Font)              scaled to size 7.29405pt on input line 708.
LaTeX Font Info:    Font shape `U/msb/m/n' will be
(Font)              scaled to size 5.21004pt on input line 708.

Overfull \vbox (4.89104pt too high) has occurred while \output is active []


Underfull \hbox (badness 10000) has occurred while \output is active
\T1/phv/m/n/10 88
 []

[88 <./images/frame_zoomout.pdf> <./images/frame_0.pdf> <./images/frame_1.pdf> <./images/frame_2.pdf>]
Overfull \vbox (4.89104pt too high) has occurred while \output is active []

 [89])
Overfull \vbox (4.89104pt too high) has occurred while \output is active []


Underfull \hbox (badness 10000) has occurred while \output is active
\T1/phv/m/n/10 90
 []

[90]
Chapter 5.

Package xcolor Warning: Incompatible color definition on input line 84.

(./chapters/related_work.tex [91

]
<images/Coquelet-schema.png, id=1792, 302.3295pt x 82.6287pt>
File: images/Coquelet-schema.png Graphic file (type png)
<use images/Coquelet-schema.png>
Package pdftex.def Info: images/Coquelet-schema.png  used on input line 51.
(pdftex.def)             Requested size: 426.79134pt x 116.65016pt.
<images/Coquelet-results.png, id=1798, 424.7067pt x 104.7915pt>
File: images/Coquelet-results.png Graphic file (type png)
<use images/Coquelet-results.png>
Package pdftex.def Info: images/Coquelet-results.png  used on input line 72.
(pdftex.def)             Requested size: 426.79134pt x 105.30931pt.

Overfull \vbox (4.89104pt too high) has occurred while \output is active []


Underfull \hbox (badness 10000) has occurred while \output is active
\T1/phv/m/n/10 92
 []

[92 <./images/Coquelet-schema.png>]
Overfull \vbox (4.89104pt too high) has occurred while \output is active []

 [93 <./images/Coquelet-results.png>]
Overfull \hbox (0.63136pt too wide) in paragraph at lines 107--107
\T1/phv/b/n/14.4 WITH RBF NEU-RAL NET-WORK BASED FRACTIONAL-ORDER
 []


Overfull \vbox (4.89104pt too high) has occurred while \output is active []


Underfull \hbox (badness 10000) has occurred while \output is active
\T1/phv/m/n/10 94
 []

[94]
Overfull \hbox (12.88583pt too wide) in paragraph at lines 121--121
\T1/phv/b/n/14.4 BINE IN-DI-VID-UAL BLADE PITCH CON-TROL WITH IN-FLOW SEN-
 []


Overfull \vbox (4.89104pt too high) has occurred while \output is active []

 [95])
Overfull \vbox (4.89104pt too high) has occurred while \output is active []


Underfull \hbox (badness 10000) has occurred while \output is active
\T1/phv/m/n/10 96
 []

[96]
Chapter 6.

Package xcolor Warning: Incompatible color definition on input line 87.

(./chapters/conclusion.tex [97

]
Overfull \vbox (4.89104pt too high) has occurred while \output is active []


Underfull \hbox (badness 10000) has occurred while \output is active
\T1/phv/m/n/10 98
 []

[98]
Overfull \vbox (4.73807pt too high) has occurred while \output is active []

 [99]
Underfull \vbox (badness 2057) has occurred while \output is active []


Overfull \vbox (4.89104pt too high) has occurred while \output is active []


Underfull \hbox (badness 10000) has occurred while \output is active
\T1/phv/m/n/10 100
 []

[100]) (build/main.bbl
Overfull \vbox (4.73807pt too high) has occurred while \output is active []

 [101]
Overfull \vbox (4.89104pt too high) has occurred while \output is active []


Underfull \hbox (badness 10000) has occurred while \output is active
\T1/phv/m/n/10 102
 []

[102

]

Package xcolor Warning: Incompatible color definition on input line 1.

LaTeX Font Info:    Trying to load font information for T1+cmtt on input line 13.
(/usr/share/texmf-dist/tex/latex/base/t1cmtt.fd
File: t1cmtt.fd 2019/12/16 v2.5j Standard LaTeX font definitions
)
LaTeX Font Info:    Trying to load font information for T1+pplx on input line 31.
 (/usr/share/texmf-dist/tex/latex/psnfss/t1pplx.fd
File: t1pplx.fd 2004/09/06 font definitions for T1/pplx.
)
Underfull \hbox (badness 10000) in paragraph at lines 25--34
\T1/cmtt/m/n/10 / / www . intechopen . com / books / fundamental-[]and-[]advanced-[]topics-[]in-[]wind-[]power /
 []

[103]
Underfull \hbox (badness 1253) in paragraph at lines 170--175
\T1/ppl/m/n/10 Off-Policy Max-i-mum En-tropy Deep Re-in-force-ment Learn-ing with a Stochas-tic Ac-tor.
 []


Overfull \vbox (4.89104pt too high) has occurred while \output is active []


Underfull \hbox (badness 10000) has occurred while \output is active
\T1/phv/m/n/10 104
 []

[104]
Underfull \hbox (badness 4303) in paragraph at lines 231--235
[]\T1/ppl/m/n/10 Thomas De-gris, Martha White, and Richard S. Sut-ton.  Off-Policy Actor-Critic.
 []


Underfull \hbox (badness 1033) in paragraph at lines 254--261
\T1/ppl/m/n/10 di-ent meth-ods for re-in-force-ment learn-ing with func-tion ap-prox-i-ma-tion.  In S. Solla,
 []


Underfull \hbox (badness 3884) in paragraph at lines 295--298
[]\T1/ppl/m/n/10 OpenClipart.  Wind tur-bine sketch, Au-gust 2017.  URL []$\T1/cmtt/m/n/10 https : / / freesvg . org /
 []


Overfull \vbox (4.89104pt too high) has occurred while \output is active []

 [105]
Underfull \hbox (badness 3514) in paragraph at lines 369--377
[]\T1/ppl/m/n/10 Milton A. Miner.  Cu-mu-la-tive Dam-age in Fa-tigue.  \T1/ppl/m/it/10 Jour-nal of Ap-plied Me-chan-
 []


Underfull \hbox (badness 5302) in paragraph at lines 379--384
[]\T1/ppl/m/n/10 G Hay-man.  MLife the-ory man-ual for ver-sion 1.00.  \T1/ppl/m/it/10 Na-tional Re-new-able En-
 []


Underfull \hbox (badness 10000) in paragraph at lines 379--384
\T1/ppl/m/it/10 ergy Lab-o-ra-tory (NREL)\T1/ppl/m/n/10 , 2012.  URL []$\T1/cmtt/m/n/10 https : / / orbit . dtu . dk / en / publications /
 []


Underfull \hbox (badness 1226) in paragraph at lines 398--406
[]\T1/ppl/m/n/10 B. P. Welford.  Note on a Method for Cal-cu-lat-ing Cor-rected Sums of Squares and
 []


Overfull \vbox (4.89104pt too high) has occurred while \output is active []


Underfull \hbox (badness 10000) has occurred while \output is active
\T1/phv/m/n/10 106
 []

[106]
Overfull \vbox (4.89104pt too high) has occurred while \output is active []

 [107]
Overfull \vbox (4.89104pt too high) has occurred while \output is active []


Underfull \hbox (badness 10000) has occurred while \output is active
\T1/phv/m/n/10 108
 []

[108]
Underfull \hbox (badness 1418) in paragraph at lines 639--648
[]\T1/ppl/m/n/10 Venkata Ra-makr-ishna Padul-la-parthi, Sri-narayana Na-garathi-nam, Arun-chan-dar Vasan,
 []

)
Overfull \vbox (4.89104pt too high) has occurred while \output is active []

 [109] (build/main.aux (build/main.acr))
Package rerunfilecheck Info: File `main.out' has not changed.
(rerunfilecheck)             Checksum: 72B4FC1EC4D6C7398BCD2E1E20A43EFC;13142.
 ) 
Here is how much of TeX's memory you used:
 35128 strings out of 478353
 792683 string characters out of 5854636
 987894 words of memory out of 5000000
 52293 multiletter control sequences out of 15000+600000
 487607 words of font info for 189 fonts, out of 8000000 for 9000
 1141 hyphenation exceptions out of 8191
 84i,17n,89p,2466b,877s stack positions out of 5000i,500n,10000p,200000b,80000s
{/usr/share/texmf-dist/fonts/enc/dvips/cm-super/cm-super-t1.enc}{/usr/share/texmf-dist/fonts/enc/dvips/base/8r.enc}</usr/share/texmf-dist/fonts/type1/public/amsfonts/cm/cmex10.pfb></usr/share/texmf-dist/fonts/type1/public/amsfonts/cm/cmmi10.pfb></usr/share/texmf-dist/fonts/type1/public/amsfonts/cm/cmr10.pfb></usr/share/texmf-dist/fonts/type1/public/amsfonts/cm/cmsy10.pfb></usr/share/texmf-dist/fonts/type1/public/mathpazo/fplmbb.pfb></usr/share/texmf-dist/fonts/type1/public/mathpazo/fplmr.pfb></usr/share/texmf-dist/fonts/type1/public/mathpazo/fplmri.pfb></usr/share/texmf-dist/fonts/type1/public/amsfonts/symbols/msam10.pfb></usr/share/texmf-dist/fonts/type1/public/cm-super/sftt1000.pfb></usr/share/texmf-dist/fonts/type1/urw/helvetic/uhvb8a.pfb></usr/share/texmf-dist/fonts/type1/urw/helvetic/uhvr8a.pfb></usr/share/texmf-dist/fonts/type1/urw/palatino/uplb8a.pfb></usr/share/texmf-dist/fonts/type1/urw/palatino/uplbi8a.pfb></usr/share/texmf-dist/fonts/type1/urw/palatino/uplr8a.pfb></usr/share/texmf-dist/fonts/type1/urw/palatino/uplri8a.pfb>
Output written on build/main.pdf (109 pages, 1888350 bytes).
PDF statistics:
 2156 PDF objects out of 2487 (max. 8388607)
 1861 compressed objects within 19 object streams
 363 named destinations out of 1000 (max. 500000)
 830 words of extra memory for PDF output out of 10000 (max. 10000000)

